mode: set
tydic.io/dcloud-dhcp-controller/pkg/apis/kubeovn/v1/register.go:14.41,16.2 1 0
tydic.io/dcloud-dhcp-controller/pkg/apis/kubeovn/v1/register.go:19.53,21.2 1 0
tydic.io/dcloud-dhcp-controller/pkg/apis/kubeovn/v1/register.go:31.50,38.2 3 0
tydic.io/dcloud-dhcp-controller/pkg/apis/kubeovn/v1/zz_generated.deepcopy.go:30.39,33.2 2 0
tydic.io/dcloud-dhcp-controller/pkg/apis/kubeovn/v1/zz_generated.deepcopy.go:36.32,37.15 1 0
tydic.io/dcloud-dhcp-controller/pkg/apis/kubeovn/v1/zz_generated.deepcopy.go:37.15,39.3 1 0
tydic.io/dcloud-dhcp-controller/pkg/apis/kubeovn/v1/zz_generated.deepcopy.go:40.2,42.12 3 0
tydic.io/dcloud-dhcp-controller/pkg/apis/kubeovn/v1/zz_generated.deepcopy.go:46.51,51.2 4 0
tydic.io/dcloud-dhcp-controller/pkg/apis/kubeovn/v1/zz_generated.deepcopy.go:54.44,55.15 1 0
tydic.io/dcloud-dhcp-controller/pkg/apis/kubeovn/v1/zz_generated.deepcopy.go:55.15,57.3 1 0
tydic.io/dcloud-dhcp-controller/pkg/apis/kubeovn/v1/zz_generated.deepcopy.go:58.2,60.12 3 0
tydic.io/dcloud-dhcp-controller/pkg/apis/kubeovn/v1/zz_generated.deepcopy.go:64.77,67.2 2 0
tydic.io/dcloud-dhcp-controller/pkg/apis/kubeovn/v1/zz_generated.deepcopy.go:70.70,71.15 1 0
tydic.io/dcloud-dhcp-controller/pkg/apis/kubeovn/v1/zz_generated.deepcopy.go:71.15,73.3 1 0
tydic.io/dcloud-dhcp-controller/pkg/apis/kubeovn/v1/zz_generated.deepcopy.go:74.2,76.12 3 0
tydic.io/dcloud-dhcp-controller/pkg/apis/kubeovn/v1/zz_generated.deepcopy.go:80.75,84.2 3 0
tydic.io/dcloud-dhcp-controller/pkg/apis/kubeovn/v1/zz_generated.deepcopy.go:87.68,88.15 1 0
tydic.io/dcloud-dhcp-controller/pkg/apis/kubeovn/v1/zz_generated.deepcopy.go:88.15,90.3 1 0
tydic.io/dcloud-dhcp-controller/pkg/apis/kubeovn/v1/zz_generated.deepcopy.go:91.2,93.12 3 0
tydic.io/dcloud-dhcp-controller/pkg/apis/kubeovn/v1/zz_generated.deepcopy.go:97.87,101.2 3 0
tydic.io/dcloud-dhcp-controller/pkg/apis/kubeovn/v1/zz_generated.deepcopy.go:104.80,105.15 1 0
tydic.io/dcloud-dhcp-controller/pkg/apis/kubeovn/v1/zz_generated.deepcopy.go:105.15,107.3 1 0
tydic.io/dcloud-dhcp-controller/pkg/apis/kubeovn/v1/zz_generated.deepcopy.go:108.2,110.12 3 0
tydic.io/dcloud-dhcp-controller/pkg/apis/kubeovn/v1/zz_generated.deepcopy.go:114.45,121.2 6 0
tydic.io/dcloud-dhcp-controller/pkg/apis/kubeovn/v1/zz_generated.deepcopy.go:124.38,125.15 1 0
tydic.io/dcloud-dhcp-controller/pkg/apis/kubeovn/v1/zz_generated.deepcopy.go:125.15,127.3 1 0
tydic.io/dcloud-dhcp-controller/pkg/apis/kubeovn/v1/zz_generated.deepcopy.go:128.2,130.12 3 0
tydic.io/dcloud-dhcp-controller/pkg/apis/kubeovn/v1/zz_generated.deepcopy.go:134.51,135.34 1 0
tydic.io/dcloud-dhcp-controller/pkg/apis/kubeovn/v1/zz_generated.deepcopy.go:135.34,137.3 1 0
tydic.io/dcloud-dhcp-controller/pkg/apis/kubeovn/v1/zz_generated.deepcopy.go:138.2,138.12 1 0
tydic.io/dcloud-dhcp-controller/pkg/apis/kubeovn/v1/zz_generated.deepcopy.go:142.63,147.2 4 0
tydic.io/dcloud-dhcp-controller/pkg/apis/kubeovn/v1/zz_generated.deepcopy.go:150.56,151.15 1 0
tydic.io/dcloud-dhcp-controller/pkg/apis/kubeovn/v1/zz_generated.deepcopy.go:151.15,153.3 1 0
tydic.io/dcloud-dhcp-controller/pkg/apis/kubeovn/v1/zz_generated.deepcopy.go:154.2,156.12 3 0
tydic.io/dcloud-dhcp-controller/pkg/apis/kubeovn/v1/zz_generated.deepcopy.go:160.53,164.21 4 0
tydic.io/dcloud-dhcp-controller/pkg/apis/kubeovn/v1/zz_generated.deepcopy.go:164.21,167.22 3 0
tydic.io/dcloud-dhcp-controller/pkg/apis/kubeovn/v1/zz_generated.deepcopy.go:167.22,169.4 1 0
tydic.io/dcloud-dhcp-controller/pkg/apis/kubeovn/v1/zz_generated.deepcopy.go:171.2,171.8 1 0
tydic.io/dcloud-dhcp-controller/pkg/apis/kubeovn/v1/zz_generated.deepcopy.go:175.46,176.15 1 0
tydic.io/dcloud-dhcp-controller/pkg/apis/kubeovn/v1/zz_generated.deepcopy.go:176.15,178.3 1 0
tydic.io/dcloud-dhcp-controller/pkg/apis/kubeovn/v1/zz_generated.deepcopy.go:179.2,181.12 3 0
tydic.io/dcloud-dhcp-controller/pkg/apis/kubeovn/v1/zz_generated.deepcopy.go:185.55,186.34 1 0
tydic.io/dcloud-dhcp-controller/pkg/apis/kubeovn/v1/zz_generated.deepcopy.go:186.34,188.3 1 0
tydic.io/dcloud-dhcp-controller/pkg/apis/kubeovn/v1/zz_generated.deepcopy.go:189.2,189.12 1 0
tydic.io/dcloud-dhcp-controller/pkg/apis/kubeovn/v1/zz_generated.deepcopy.go:193.53,195.26 2 0
tydic.io/dcloud-dhcp-controller/pkg/apis/kubeovn/v1/zz_generated.deepcopy.go:195.26,199.3 3 0
tydic.io/dcloud-dhcp-controller/pkg/apis/kubeovn/v1/zz_generated.deepcopy.go:200.2,200.26 1 0
tydic.io/dcloud-dhcp-controller/pkg/apis/kubeovn/v1/zz_generated.deepcopy.go:200.26,204.3 3 0
tydic.io/dcloud-dhcp-controller/pkg/apis/kubeovn/v1/zz_generated.deepcopy.go:205.2,205.28 1 0
tydic.io/dcloud-dhcp-controller/pkg/apis/kubeovn/v1/zz_generated.deepcopy.go:205.28,209.3 3 0
tydic.io/dcloud-dhcp-controller/pkg/apis/kubeovn/v1/zz_generated.deepcopy.go:210.2,210.20 1 0
tydic.io/dcloud-dhcp-controller/pkg/apis/kubeovn/v1/zz_generated.deepcopy.go:210.20,214.3 3 0
tydic.io/dcloud-dhcp-controller/pkg/apis/kubeovn/v1/zz_generated.deepcopy.go:215.2,215.20 1 0
tydic.io/dcloud-dhcp-controller/pkg/apis/kubeovn/v1/zz_generated.deepcopy.go:215.20,219.3 3 0
tydic.io/dcloud-dhcp-controller/pkg/apis/kubeovn/v1/zz_generated.deepcopy.go:220.2,220.38 1 0
tydic.io/dcloud-dhcp-controller/pkg/apis/kubeovn/v1/zz_generated.deepcopy.go:220.38,224.3 3 0
tydic.io/dcloud-dhcp-controller/pkg/apis/kubeovn/v1/zz_generated.deepcopy.go:225.2,225.24 1 0
tydic.io/dcloud-dhcp-controller/pkg/apis/kubeovn/v1/zz_generated.deepcopy.go:225.24,229.3 3 0
tydic.io/dcloud-dhcp-controller/pkg/apis/kubeovn/v1/zz_generated.deepcopy.go:230.2,230.34 1 0
tydic.io/dcloud-dhcp-controller/pkg/apis/kubeovn/v1/zz_generated.deepcopy.go:230.34,233.22 3 0
tydic.io/dcloud-dhcp-controller/pkg/apis/kubeovn/v1/zz_generated.deepcopy.go:233.22,235.4 1 0
tydic.io/dcloud-dhcp-controller/pkg/apis/kubeovn/v1/zz_generated.deepcopy.go:237.2,237.8 1 0
tydic.io/dcloud-dhcp-controller/pkg/apis/kubeovn/v1/zz_generated.deepcopy.go:241.46,242.15 1 0
tydic.io/dcloud-dhcp-controller/pkg/apis/kubeovn/v1/zz_generated.deepcopy.go:242.15,244.3 1 0
tydic.io/dcloud-dhcp-controller/pkg/apis/kubeovn/v1/zz_generated.deepcopy.go:245.2,247.12 3 0
tydic.io/dcloud-dhcp-controller/pkg/apis/kubeovn/v1/zz_generated.deepcopy.go:251.57,253.26 2 0
tydic.io/dcloud-dhcp-controller/pkg/apis/kubeovn/v1/zz_generated.deepcopy.go:253.26,256.22 3 0
tydic.io/dcloud-dhcp-controller/pkg/apis/kubeovn/v1/zz_generated.deepcopy.go:256.22,258.4 1 0
tydic.io/dcloud-dhcp-controller/pkg/apis/kubeovn/v1/zz_generated.deepcopy.go:260.2,260.38 1 0
tydic.io/dcloud-dhcp-controller/pkg/apis/kubeovn/v1/zz_generated.deepcopy.go:260.38,264.3 3 0
tydic.io/dcloud-dhcp-controller/pkg/apis/kubeovn/v1/zz_generated.deepcopy.go:265.2,265.8 1 0
tydic.io/dcloud-dhcp-controller/pkg/apis/kubeovn/v1/zz_generated.deepcopy.go:269.50,270.15 1 0
tydic.io/dcloud-dhcp-controller/pkg/apis/kubeovn/v1/zz_generated.deepcopy.go:270.15,272.3 1 0
tydic.io/dcloud-dhcp-controller/pkg/apis/kubeovn/v1/zz_generated.deepcopy.go:273.2,275.12 3 0
tydic.io/dcloud-dhcp-controller/main.go:17.13,25.2 4 0
tydic.io/dcloud-dhcp-controller/main.go:27.24,32.33 2 0
tydic.io/dcloud-dhcp-controller/main.go:32.33,34.10 2 0
tydic.io/dcloud-dhcp-controller/main.go:34.10,36.4 1 0
tydic.io/dcloud-dhcp-controller/main.go:38.2,38.12 1 0
tydic.io/dcloud-dhcp-controller/main.go:41.13,45.16 3 0
tydic.io/dcloud-dhcp-controller/main.go:45.16,47.3 1 0
tydic.io/dcloud-dhcp-controller/main.go:47.8,50.3 2 0
tydic.io/dcloud-dhcp-controller/main.go:51.2,51.36 1 0
tydic.io/dcloud-dhcp-controller/main.go:51.36,53.3 1 0
tydic.io/dcloud-dhcp-controller/main.go:54.2,61.12 5 0
tydic.io/dcloud-dhcp-controller/main.go:61.12,66.3 4 0
tydic.io/dcloud-dhcp-controller/main.go:68.2,70.10 3 0
tydic.io/dcloud-dhcp-controller/pkg/app/app.go:49.13,52.2 2 0
tydic.io/dcloud-dhcp-controller/pkg/app/app.go:71.26,73.2 1 0
tydic.io/dcloud-dhcp-controller/pkg/app/app.go:75.68,76.40 1 0
tydic.io/dcloud-dhcp-controller/pkg/app/app.go:76.40,78.3 1 0
tydic.io/dcloud-dhcp-controller/pkg/app/app.go:80.2,83.18 1 0
tydic.io/dcloud-dhcp-controller/pkg/app/app.go:86.26,89.28 3 0
tydic.io/dcloud-dhcp-controller/pkg/app/app.go:89.28,92.3 2 0
tydic.io/dcloud-dhcp-controller/pkg/app/app.go:94.2,118.29 11 0
tydic.io/dcloud-dhcp-controller/pkg/app/app.go:118.29,120.3 1 0
tydic.io/dcloud-dhcp-controller/pkg/app/app.go:122.2,123.39 2 0
tydic.io/dcloud-dhcp-controller/pkg/app/app.go:123.39,125.3 1 0
tydic.io/dcloud-dhcp-controller/pkg/app/app.go:127.2,139.3 3 0
tydic.io/dcloud-dhcp-controller/pkg/app/app.go:142.48,151.48 1 0
tydic.io/dcloud-dhcp-controller/pkg/app/app.go:151.48,155.5 3 0
tydic.io/dcloud-dhcp-controller/pkg/app/app.go:156.29,160.5 3 0
tydic.io/dcloud-dhcp-controller/pkg/app/app.go:161.39,162.31 1 0
tydic.io/dcloud-dhcp-controller/pkg/app/app.go:162.31,164.6 1 0
tydic.io/dcloud-dhcp-controller/pkg/app/app.go:165.5,165.60 1 0
tydic.io/dcloud-dhcp-controller/pkg/app/app.go:172.64,175.2 2 0
tydic.io/dcloud-dhcp-controller/pkg/app/app.go:177.52,195.65 9 0
tydic.io/dcloud-dhcp-controller/pkg/app/app.go:195.65,197.81 1 0
tydic.io/dcloud-dhcp-controller/pkg/app/app.go:197.81,199.4 1 0
tydic.io/dcloud-dhcp-controller/pkg/app/app.go:200.3,200.17 1 0
tydic.io/dcloud-dhcp-controller/pkg/app/app.go:203.2,220.30 11 0
tydic.io/dcloud-dhcp-controller/pkg/app/app.go:227.39,228.64 1 0
tydic.io/dcloud-dhcp-controller/pkg/app/app.go:228.64,230.17 2 0
tydic.io/dcloud-dhcp-controller/pkg/app/app.go:230.17,233.4 2 0
tydic.io/dcloud-dhcp-controller/pkg/app/app.go:235.3,236.59 2 0
tydic.io/dcloud-dhcp-controller/pkg/app/app.go:238.2,238.16 1 0
tydic.io/dcloud-dhcp-controller/pkg/app/app.go:238.16,240.3 1 0
tydic.io/dcloud-dhcp-controller/pkg/app/app.go:243.42,244.25 1 0
tydic.io/dcloud-dhcp-controller/pkg/app/app.go:244.25,246.17 2 0
tydic.io/dcloud-dhcp-controller/pkg/app/app.go:246.17,249.4 2 0
tydic.io/dcloud-dhcp-controller/pkg/app/app.go:250.3,251.17 2 0
tydic.io/dcloud-dhcp-controller/pkg/app/app.go:251.17,254.4 2 0
tydic.io/dcloud-dhcp-controller/pkg/app/app.go:257.2,257.64 1 0
tydic.io/dcloud-dhcp-controller/pkg/app/app.go:257.64,259.17 2 0
tydic.io/dcloud-dhcp-controller/pkg/app/app.go:259.17,262.4 2 0
tydic.io/dcloud-dhcp-controller/pkg/app/app.go:264.3,265.59 2 0
tydic.io/dcloud-dhcp-controller/pkg/app/app.go:267.2,267.16 1 0
tydic.io/dcloud-dhcp-controller/pkg/app/app.go:267.16,269.3 1 0
tydic.io/dcloud-dhcp-controller/pkg/app/app.go:273.27,274.16 1 0
tydic.io/dcloud-dhcp-controller/pkg/app/app.go:274.16,276.3 1 0
tydic.io/dcloud-dhcp-controller/pkg/metrics/metrics.go:25.46,40.2 4 0
tydic.io/dcloud-dhcp-controller/pkg/metrics/metrics.go:42.81,44.2 1 0
tydic.io/dcloud-dhcp-controller/pkg/metrics/metrics.go:46.81,48.2 1 0
tydic.io/dcloud-dhcp-controller/pkg/metrics/metrics.go:87.34,93.16 4 0
tydic.io/dcloud-dhcp-controller/pkg/metrics/metrics.go:93.16,95.3 1 0
tydic.io/dcloud-dhcp-controller/pkg/metrics/metrics.go:96.2,103.62 3 0
tydic.io/dcloud-dhcp-controller/pkg/metrics/metrics.go:106.35,108.68 2 0
tydic.io/dcloud-dhcp-controller/pkg/metrics/metrics.go:108.68,110.3 1 0
tydic.io/dcloud-dhcp-controller/pkg/metrics/metrics.go:113.30,115.2 1 0
tydic.io/dcloud-dhcp-controller/pkg/controller/subnet/controller.go:46.15,47.140 1 0
tydic.io/dcloud-dhcp-controller/pkg/controller/subnet/controller.go:47.140,50.40 3 0
tydic.io/dcloud-dhcp-controller/pkg/controller/subnet/controller.go:50.40,52.4 1 0
tydic.io/dcloud-dhcp-controller/pkg/controller/subnet/controller.go:53.3,61.71 6 0
tydic.io/dcloud-dhcp-controller/pkg/controller/subnet/controller.go:61.71,64.19 3 0
tydic.io/dcloud-dhcp-controller/pkg/controller/subnet/controller.go:64.19,66.6 1 0
tydic.io/dcloud-dhcp-controller/pkg/controller/subnet/controller.go:67.5,68.11 2 0
tydic.io/dcloud-dhcp-controller/pkg/controller/subnet/controller.go:68.11,70.6 1 0
tydic.io/dcloud-dhcp-controller/pkg/controller/subnet/controller.go:71.5,71.23 1 0
tydic.io/dcloud-dhcp-controller/pkg/controller/subnet/controller.go:75.2,84.3 3 0
tydic.io/dcloud-dhcp-controller/pkg/controller/subnet/controller.go:87.53,88.29 1 0
tydic.io/dcloud-dhcp-controller/pkg/controller/subnet/controller.go:88.30,89.3 0 0
tydic.io/dcloud-dhcp-controller/pkg/controller/subnet/controller.go:92.71,93.15 1 0
tydic.io/dcloud-dhcp-controller/pkg/controller/subnet/controller.go:93.15,94.35 1 0
tydic.io/dcloud-dhcp-controller/pkg/controller/subnet/controller.go:94.35,97.4 2 0
tydic.io/dcloud-dhcp-controller/pkg/controller/subnet/controller.go:100.2,101.10 2 0
tydic.io/dcloud-dhcp-controller/pkg/controller/subnet/controller.go:101.10,103.3 1 0
tydic.io/dcloud-dhcp-controller/pkg/controller/subnet/controller.go:105.2,108.9 3 0
tydic.io/dcloud-dhcp-controller/pkg/controller/subnet/controller.go:108.9,111.3 2 0
tydic.io/dcloud-dhcp-controller/pkg/controller/subnet/controller.go:113.2,113.43 1 0
tydic.io/dcloud-dhcp-controller/pkg/controller/subnet/controller.go:113.43,116.3 2 0
tydic.io/dcloud-dhcp-controller/pkg/controller/subnet/controller.go:116.8,118.3 1 0
tydic.io/dcloud-dhcp-controller/pkg/controller/subnet/controller.go:120.2,120.13 1 0
tydic.io/dcloud-dhcp-controller/pkg/controller/subnet/controller.go:123.60,128.31 2 0
tydic.io/dcloud-dhcp-controller/pkg/controller/subnet/controller.go:128.31,130.3 1 0
tydic.io/dcloud-dhcp-controller/pkg/controller/subnet/controller.go:132.2,134.54 3 0
tydic.io/dcloud-dhcp-controller/pkg/controller/subnet/controller.go:137.67,140.57 2 0
tydic.io/dcloud-dhcp-controller/pkg/controller/subnet/controller.go:140.57,143.3 2 0
tydic.io/dcloud-dhcp-controller/pkg/controller/subnet/controller.go:143.8,143.23 1 0
tydic.io/dcloud-dhcp-controller/pkg/controller/subnet/controller.go:143.23,146.3 2 0
tydic.io/dcloud-dhcp-controller/pkg/controller/subnet/controller.go:148.2,148.25 1 0
tydic.io/dcloud-dhcp-controller/pkg/controller/subnet/controller.go:149.11,151.50 2 0
tydic.io/dcloud-dhcp-controller/pkg/controller/subnet/controller.go:151.50,154.4 2 0
tydic.io/dcloud-dhcp-controller/pkg/controller/subnet/controller.go:155.14,157.53 2 0
tydic.io/dcloud-dhcp-controller/pkg/controller/subnet/controller.go:157.53,160.4 2 0
tydic.io/dcloud-dhcp-controller/pkg/controller/subnet/controller.go:161.14,164.75 2 0
tydic.io/dcloud-dhcp-controller/pkg/controller/subnet/controller.go:164.75,167.4 2 0
tydic.io/dcloud-dhcp-controller/pkg/controller/subnet/controller.go:168.3,168.20 1 0
tydic.io/dcloud-dhcp-controller/pkg/controller/subnet/controller.go:168.20,170.4 1 0
tydic.io/dcloud-dhcp-controller/pkg/controller/subnet/controller.go:172.2,172.12 1 0
tydic.io/dcloud-dhcp-controller/pkg/controller/subnet/event_handler.go:13.58,15.51 1 0
tydic.io/dcloud-dhcp-controller/pkg/controller/subnet/event_handler.go:15.51,17.3 1 0
tydic.io/dcloud-dhcp-controller/pkg/controller/subnet/event_handler.go:18.2,18.13 1 0
tydic.io/dcloud-dhcp-controller/pkg/controller/subnet/event_handler.go:21.74,23.2 1 0
tydic.io/dcloud-dhcp-controller/pkg/controller/subnet/event_handler.go:25.78,27.2 1 0
tydic.io/dcloud-dhcp-controller/pkg/controller/subnet/event_handler.go:29.75,31.2 1 0
tydic.io/dcloud-dhcp-controller/pkg/controller/subnet/event_handler.go:33.75,34.66 1 0
tydic.io/dcloud-dhcp-controller/pkg/controller/subnet/event_handler.go:34.66,36.3 1 0
tydic.io/dcloud-dhcp-controller/pkg/controller/subnet/event_handler.go:37.2,37.66 1 0
tydic.io/dcloud-dhcp-controller/pkg/controller/subnet/event_handler.go:37.66,39.3 1 0
tydic.io/dcloud-dhcp-controller/pkg/controller/subnet/event_handler.go:40.2,40.14 1 0
tydic.io/dcloud-dhcp-controller/pkg/controller/subnet/event_handler.go:43.76,44.58 1 0
tydic.io/dcloud-dhcp-controller/pkg/controller/subnet/event_handler.go:44.58,46.3 1 0
tydic.io/dcloud-dhcp-controller/pkg/controller/subnet/event_handler.go:47.2,47.54 1 0
tydic.io/dcloud-dhcp-controller/pkg/controller/subnet/event_handler.go:47.54,49.3 1 0
tydic.io/dcloud-dhcp-controller/pkg/controller/subnet/event_handler.go:50.2,50.14 1 0
tydic.io/dcloud-dhcp-controller/pkg/controller/subnet/event_handler.go:57.75,59.9 2 0
tydic.io/dcloud-dhcp-controller/pkg/controller/subnet/event_handler.go:59.9,62.3 2 0
tydic.io/dcloud-dhcp-controller/pkg/controller/subnet/event_handler.go:64.2,64.60 1 0
tydic.io/dcloud-dhcp-controller/pkg/controller/subnet/event_handler.go:64.60,66.3 1 0
tydic.io/dcloud-dhcp-controller/pkg/controller/subnet/event_handler.go:69.67,72.18 3 0
tydic.io/dcloud-dhcp-controller/pkg/controller/subnet/event_handler.go:72.18,75.3 2 0
tydic.io/dcloud-dhcp-controller/pkg/controller/subnet/event_handler.go:77.2,77.9 1 0
tydic.io/dcloud-dhcp-controller/pkg/controller/subnet/event_handler.go:78.52,79.38 1 0
tydic.io/dcloud-dhcp-controller/pkg/controller/subnet/event_handler.go:79.38,81.4 1 0
tydic.io/dcloud-dhcp-controller/pkg/controller/subnet/event_handler.go:82.56,83.38 1 0
tydic.io/dcloud-dhcp-controller/pkg/controller/subnet/event_handler.go:83.38,85.4 1 0
tydic.io/dcloud-dhcp-controller/pkg/controller/subnet/event_handler.go:86.3,86.38 1 0
tydic.io/dcloud-dhcp-controller/pkg/controller/subnet/event_handler.go:86.38,88.4 1 0
tydic.io/dcloud-dhcp-controller/pkg/controller/subnet/event_handler.go:89.53,90.38 1 0
tydic.io/dcloud-dhcp-controller/pkg/controller/subnet/event_handler.go:90.38,92.4 1 0
tydic.io/dcloud-dhcp-controller/pkg/controller/subnet/event_handler.go:93.53,94.38 1 0
tydic.io/dcloud-dhcp-controller/pkg/controller/subnet/event_handler.go:94.38,96.4 1 0
tydic.io/dcloud-dhcp-controller/pkg/controller/subnet/event_handler.go:97.54,98.38 1 0
tydic.io/dcloud-dhcp-controller/pkg/controller/subnet/event_handler.go:98.38,100.4 1 0
tydic.io/dcloud-dhcp-controller/pkg/controller/subnet/event_handler.go:104.56,105.25 1 0
tydic.io/dcloud-dhcp-controller/pkg/controller/subnet/event_handler.go:106.38,108.10 2 0
tydic.io/dcloud-dhcp-controller/pkg/controller/subnet/event_handler.go:108.10,111.4 2 0
tydic.io/dcloud-dhcp-controller/pkg/controller/subnet/event_handler.go:112.3,112.35 1 0
tydic.io/dcloud-dhcp-controller/pkg/controller/subnet/event_handler.go:112.35,114.4 1 0
tydic.io/dcloud-dhcp-controller/pkg/controller/subnet/event_handler.go:115.25,116.30 1 0
tydic.io/dcloud-dhcp-controller/pkg/controller/subnet/event_handler.go:116.30,118.4 1 0
tydic.io/dcloud-dhcp-controller/pkg/controller/subnet/event_handler.go:119.10,120.53 1 0
tydic.io/dcloud-dhcp-controller/pkg/controller/subnet/lister.go:33.58,35.2 1 0
tydic.io/dcloud-dhcp-controller/pkg/controller/subnet/lister.go:38.92,39.63 1 0
tydic.io/dcloud-dhcp-controller/pkg/controller/subnet/lister.go:39.63,41.3 1 0
tydic.io/dcloud-dhcp-controller/pkg/controller/subnet/lister.go:42.2,42.17 1 0
tydic.io/dcloud-dhcp-controller/pkg/controller/subnet/lister.go:46.68,48.16 2 0
tydic.io/dcloud-dhcp-controller/pkg/controller/subnet/lister.go:48.16,50.3 1 0
tydic.io/dcloud-dhcp-controller/pkg/controller/subnet/lister.go:51.2,51.13 1 0
tydic.io/dcloud-dhcp-controller/pkg/controller/subnet/lister.go:51.13,53.3 1 0
tydic.io/dcloud-dhcp-controller/pkg/controller/subnet/lister.go:54.2,54.37 1 0
tydic.io/dcloud-dhcp-controller/pkg/controller/subnet/lister.go:58.97,60.16 2 0
tydic.io/dcloud-dhcp-controller/pkg/controller/subnet/lister.go:60.16,62.3 1 0
tydic.io/dcloud-dhcp-controller/pkg/controller/subnet/lister.go:63.2,64.27 2 0
tydic.io/dcloud-dhcp-controller/pkg/controller/subnet/lister.go:64.27,66.3 1 0
tydic.io/dcloud-dhcp-controller/pkg/controller/subnet/lister.go:67.2,67.21 1 0
tydic.io/dcloud-dhcp-controller/pkg/controller/subnet/subnet.go:17.107,24.16 4 0
tydic.io/dcloud-dhcp-controller/pkg/controller/subnet/subnet.go:24.16,28.3 3 0
tydic.io/dcloud-dhcp-controller/pkg/controller/subnet/subnet.go:31.2,34.56 3 0
tydic.io/dcloud-dhcp-controller/pkg/controller/subnet/subnet.go:34.56,36.3 1 0
tydic.io/dcloud-dhcp-controller/pkg/controller/subnet/subnet.go:39.2,39.69 1 0
tydic.io/dcloud-dhcp-controller/pkg/controller/subnet/subnet.go:39.69,42.3 2 0
tydic.io/dcloud-dhcp-controller/pkg/controller/subnet/subnet.go:45.2,45.68 1 0
tydic.io/dcloud-dhcp-controller/pkg/controller/subnet/subnet.go:45.68,51.3 3 0
tydic.io/dcloud-dhcp-controller/pkg/controller/subnet/subnet.go:54.2,59.12 3 0
tydic.io/dcloud-dhcp-controller/pkg/controller/subnet/subnet.go:62.107,64.25 2 0
tydic.io/dcloud-dhcp-controller/pkg/controller/subnet/subnet.go:64.25,67.3 1 0
tydic.io/dcloud-dhcp-controller/pkg/controller/subnet/subnet.go:68.2,68.12 1 0
tydic.io/dcloud-dhcp-controller/pkg/controller/subnet/subnet.go:71.86,73.29 1 0
tydic.io/dcloud-dhcp-controller/pkg/controller/subnet/subnet.go:73.29,76.3 2 0
tydic.io/dcloud-dhcp-controller/pkg/controller/subnet/subnet.go:79.2,80.21 2 0
tydic.io/dcloud-dhcp-controller/pkg/controller/subnet/subnet.go:80.21,83.3 2 0
tydic.io/dcloud-dhcp-controller/pkg/controller/subnet/subnet.go:84.2,86.9 3 0
tydic.io/dcloud-dhcp-controller/pkg/controller/subnet/subnet.go:86.9,89.3 2 0
tydic.io/dcloud-dhcp-controller/pkg/controller/subnet/subnet.go:92.2,92.63 1 0
tydic.io/dcloud-dhcp-controller/pkg/controller/subnet/subnet.go:92.63,94.3 1 0
tydic.io/dcloud-dhcp-controller/pkg/controller/subnet/subnet.go:97.2,97.63 1 0
tydic.io/dcloud-dhcp-controller/pkg/controller/subnet/subnet.go:97.63,99.3 1 0
tydic.io/dcloud-dhcp-controller/pkg/controller/subnet/subnet.go:101.2,101.12 1 0
tydic.io/dcloud-dhcp-controller/pkg/controller/subnet/subnet.go:104.89,106.29 1 0
tydic.io/dcloud-dhcp-controller/pkg/controller/subnet/subnet.go:106.29,109.3 2 0
tydic.io/dcloud-dhcp-controller/pkg/controller/subnet/subnet.go:112.2,113.21 2 0
tydic.io/dcloud-dhcp-controller/pkg/controller/subnet/subnet.go:113.21,116.3 2 0
tydic.io/dcloud-dhcp-controller/pkg/controller/subnet/subnet.go:117.2,119.9 3 0
tydic.io/dcloud-dhcp-controller/pkg/controller/subnet/subnet.go:119.9,122.3 2 0
tydic.io/dcloud-dhcp-controller/pkg/controller/subnet/subnet.go:125.2,125.63 1 0
tydic.io/dcloud-dhcp-controller/pkg/controller/subnet/subnet.go:125.63,127.3 1 0
tydic.io/dcloud-dhcp-controller/pkg/controller/subnet/subnet.go:130.2,130.63 1 0
tydic.io/dcloud-dhcp-controller/pkg/controller/subnet/subnet.go:130.63,132.3 1 0
tydic.io/dcloud-dhcp-controller/pkg/controller/subnet/subnet.go:134.2,134.12 1 0
tydic.io/dcloud-dhcp-controller/pkg/controller/subnet/subnet.go:137.112,140.21 2 0
tydic.io/dcloud-dhcp-controller/pkg/controller/subnet/subnet.go:140.21,143.3 2 0
tydic.io/dcloud-dhcp-controller/pkg/controller/subnet/subnet.go:144.2,146.9 3 0
tydic.io/dcloud-dhcp-controller/pkg/controller/subnet/subnet.go:146.9,149.3 2 0
tydic.io/dcloud-dhcp-controller/pkg/controller/subnet/subnet.go:151.2,152.16 2 0
tydic.io/dcloud-dhcp-controller/pkg/controller/subnet/subnet.go:152.16,155.3 2 0
tydic.io/dcloud-dhcp-controller/pkg/controller/subnet/subnet.go:156.2,156.60 1 0
tydic.io/dcloud-dhcp-controller/pkg/controller/subnet/subnet.go:156.61,157.3 0 0
tydic.io/dcloud-dhcp-controller/pkg/controller/subnet/subnet.go:157.8,157.29 1 0
tydic.io/dcloud-dhcp-controller/pkg/controller/subnet/subnet.go:157.29,160.3 2 0
tydic.io/dcloud-dhcp-controller/pkg/controller/subnet/subnet.go:162.2,162.68 1 0
tydic.io/dcloud-dhcp-controller/pkg/controller/subnet/subnet.go:162.68,165.3 2 0
tydic.io/dcloud-dhcp-controller/pkg/controller/subnet/subnet.go:167.2,172.12 3 0
tydic.io/dcloud-dhcp-controller/pkg/controller/subnet/types.go:22.78,31.2 1 0
tydic.io/dcloud-dhcp-controller/pkg/dhcp/dhcp_v4.go:39.27,41.2 1 0
tydic.io/dcloud-dhcp-controller/pkg/dhcp/dhcp_v4.go:43.40,55.2 5 0
tydic.io/dcloud-dhcp-controller/pkg/dhcp/dhcp_v4.go:57.66,62.2 4 0
tydic.io/dcloud-dhcp-controller/pkg/dhcp/dhcp_v4.go:67.3,76.2 5 0
tydic.io/dcloud-dhcp-controller/pkg/dhcp/dhcp_v4.go:78.71,83.2 4 0
tydic.io/dcloud-dhcp-controller/pkg/dhcp/dhcp_v4.go:85.80,89.18 3 0
tydic.io/dcloud-dhcp-controller/pkg/dhcp/dhcp_v4.go:89.18,91.3 1 0
tydic.io/dcloud-dhcp-controller/pkg/dhcp/dhcp_v4.go:93.2,93.48 1 0
tydic.io/dcloud-dhcp-controller/pkg/dhcp/dhcp_v4.go:93.48,95.3 1 0
tydic.io/dcloud-dhcp-controller/pkg/dhcp/dhcp_v4.go:97.2,99.28 2 0
tydic.io/dcloud-dhcp-controller/pkg/dhcp/dhcp_v4.go:99.28,100.52 1 0
tydic.io/dcloud-dhcp-controller/pkg/dhcp/dhcp_v4.go:100.52,102.4 1 0
tydic.io/dcloud-dhcp-controller/pkg/dhcp/dhcp_v4.go:102.9,104.4 1 0
tydic.io/dcloud-dhcp-controller/pkg/dhcp/dhcp_v4.go:107.2,109.12 2 0
tydic.io/dcloud-dhcp-controller/pkg/dhcp/dhcp_v4.go:112.59,116.18 3 0
tydic.io/dcloud-dhcp-controller/pkg/dhcp/dhcp_v4.go:116.18,118.3 1 0
tydic.io/dcloud-dhcp-controller/pkg/dhcp/dhcp_v4.go:120.2,120.41 1 0
tydic.io/dcloud-dhcp-controller/pkg/dhcp/dhcp_v4.go:120.41,121.41 1 0
tydic.io/dcloud-dhcp-controller/pkg/dhcp/dhcp_v4.go:121.41,123.4 1 0
tydic.io/dcloud-dhcp-controller/pkg/dhcp/dhcp_v4.go:124.3,124.112 1 0
tydic.io/dcloud-dhcp-controller/pkg/dhcp/dhcp_v4.go:127.2,127.27 1 0
tydic.io/dcloud-dhcp-controller/pkg/dhcp/dhcp_v4.go:138.91,139.14 1 0
tydic.io/dcloud-dhcp-controller/pkg/dhcp/dhcp_v4.go:139.14,142.3 2 0
tydic.io/dcloud-dhcp-controller/pkg/dhcp/dhcp_v4.go:144.2,146.42 2 0
tydic.io/dcloud-dhcp-controller/pkg/dhcp/dhcp_v4.go:146.42,149.3 2 0
tydic.io/dcloud-dhcp-controller/pkg/dhcp/dhcp_v4.go:151.2,152.16 2 0
tydic.io/dcloud-dhcp-controller/pkg/dhcp/dhcp_v4.go:152.16,155.3 2 0
tydic.io/dcloud-dhcp-controller/pkg/dhcp/dhcp_v4.go:157.2,159.27 2 0
tydic.io/dcloud-dhcp-controller/pkg/dhcp/dhcp_v4.go:159.27,163.3 2 0
tydic.io/dcloud-dhcp-controller/pkg/dhcp/dhcp_v4.go:165.2,166.9 2 0
tydic.io/dcloud-dhcp-controller/pkg/dhcp/dhcp_v4.go:166.9,169.3 2 0
tydic.io/dcloud-dhcp-controller/pkg/dhcp/dhcp_v4.go:171.2,195.25 12 0
tydic.io/dcloud-dhcp-controller/pkg/dhcp/dhcp_v4.go:195.25,197.3 1 0
tydic.io/dcloud-dhcp-controller/pkg/dhcp/dhcp_v4.go:210.2,210.25 1 0
tydic.io/dcloud-dhcp-controller/pkg/dhcp/dhcp_v4.go:210.25,212.3 1 0
tydic.io/dcloud-dhcp-controller/pkg/dhcp/dhcp_v4.go:214.2,216.35 2 0
tydic.io/dcloud-dhcp-controller/pkg/dhcp/dhcp_v4.go:217.34,220.57 3 0
tydic.io/dcloud-dhcp-controller/pkg/dhcp/dhcp_v4.go:221.33,224.55 3 0
tydic.io/dcloud-dhcp-controller/pkg/dhcp/dhcp_v4.go:225.10,227.9 2 0
tydic.io/dcloud-dhcp-controller/pkg/dhcp/dhcp_v4.go:230.2,230.63 1 0
tydic.io/dcloud-dhcp-controller/pkg/dhcp/dhcp_v4.go:230.63,232.3 1 0
tydic.io/dcloud-dhcp-controller/pkg/dhcp/dhcp_v4.go:235.56,240.2 4 0
tydic.io/dcloud-dhcp-controller/pkg/dhcp/dhcp_v4.go:242.53,255.16 6 0
tydic.io/dcloud-dhcp-controller/pkg/dhcp/dhcp_v4.go:255.16,257.3 1 0
tydic.io/dcloud-dhcp-controller/pkg/dhcp/dhcp_v4.go:259.2,263.12 3 0
tydic.io/dcloud-dhcp-controller/pkg/dhcp/dhcp_v4.go:266.54,273.8 5 0
tydic.io/dcloud-dhcp-controller/pkg/dhcp/dhcp_v4.go:273.8,274.40 1 0
tydic.io/dcloud-dhcp-controller/pkg/dhcp/dhcp_v4.go:274.40,276.4 1 0
tydic.io/dcloud-dhcp-controller/pkg/dhcp/dhcp_v4.go:277.3,277.25 1 0
tydic.io/dcloud-dhcp-controller/pkg/dhcp/dhcp_v4.go:280.2,280.12 1 0
tydic.io/dcloud-dhcp-controller/pkg/controller/pod/controller.go:40.15,41.131 1 0
tydic.io/dcloud-dhcp-controller/pkg/controller/pod/controller.go:41.131,42.139 1 0
tydic.io/dcloud-dhcp-controller/pkg/controller/pod/controller.go:42.139,46.4 2 0
tydic.io/dcloud-dhcp-controller/pkg/controller/pod/controller.go:47.3,47.140 1 0
tydic.io/dcloud-dhcp-controller/pkg/controller/pod/controller.go:49.2,58.3 3 0
tydic.io/dcloud-dhcp-controller/pkg/controller/pod/controller.go:61.53,62.29 1 0
tydic.io/dcloud-dhcp-controller/pkg/controller/pod/controller.go:62.30,63.3 0 0
tydic.io/dcloud-dhcp-controller/pkg/controller/pod/controller.go:66.71,67.15 1 0
tydic.io/dcloud-dhcp-controller/pkg/controller/pod/controller.go:67.15,68.35 1 0
tydic.io/dcloud-dhcp-controller/pkg/controller/pod/controller.go:68.35,71.4 2 0
tydic.io/dcloud-dhcp-controller/pkg/controller/pod/controller.go:74.2,75.10 2 0
tydic.io/dcloud-dhcp-controller/pkg/controller/pod/controller.go:75.10,77.3 1 0
tydic.io/dcloud-dhcp-controller/pkg/controller/pod/controller.go:79.2,82.9 3 0
tydic.io/dcloud-dhcp-controller/pkg/controller/pod/controller.go:82.9,85.3 2 0
tydic.io/dcloud-dhcp-controller/pkg/controller/pod/controller.go:87.2,87.43 1 0
tydic.io/dcloud-dhcp-controller/pkg/controller/pod/controller.go:87.43,90.3 2 0
tydic.io/dcloud-dhcp-controller/pkg/controller/pod/controller.go:90.8,92.3 1 0
tydic.io/dcloud-dhcp-controller/pkg/controller/pod/controller.go:94.2,94.13 1 0
tydic.io/dcloud-dhcp-controller/pkg/controller/pod/controller.go:97.60,100.31 2 0
tydic.io/dcloud-dhcp-controller/pkg/controller/pod/controller.go:100.31,102.3 1 0
tydic.io/dcloud-dhcp-controller/pkg/controller/pod/controller.go:104.2,106.54 3 0
tydic.io/dcloud-dhcp-controller/pkg/controller/pod/controller.go:109.67,110.25 1 0
tydic.io/dcloud-dhcp-controller/pkg/controller/pod/controller.go:111.11,113.29 2 0
tydic.io/dcloud-dhcp-controller/pkg/controller/pod/controller.go:113.29,116.4 2 0
tydic.io/dcloud-dhcp-controller/pkg/controller/pod/controller.go:116.9,116.24 1 0
tydic.io/dcloud-dhcp-controller/pkg/controller/pod/controller.go:116.24,119.4 2 0
tydic.io/dcloud-dhcp-controller/pkg/controller/pod/controller.go:120.3,121.61 2 0
tydic.io/dcloud-dhcp-controller/pkg/controller/pod/controller.go:121.61,124.4 2 0
tydic.io/dcloud-dhcp-controller/pkg/controller/pod/controller.go:125.14,127.60 2 0
tydic.io/dcloud-dhcp-controller/pkg/controller/pod/controller.go:127.60,130.4 2 0
tydic.io/dcloud-dhcp-controller/pkg/controller/pod/controller.go:132.2,132.12 1 0
tydic.io/dcloud-dhcp-controller/pkg/controller/pod/event_handler.go:16.57,17.33 1 0
tydic.io/dcloud-dhcp-controller/pkg/controller/pod/event_handler.go:17.33,19.3 1 0
tydic.io/dcloud-dhcp-controller/pkg/controller/pod/event_handler.go:20.2,21.19 2 0
tydic.io/dcloud-dhcp-controller/pkg/controller/pod/event_handler.go:24.47,27.2 2 0
tydic.io/dcloud-dhcp-controller/pkg/controller/pod/event_handler.go:29.72,31.21 1 0
tydic.io/dcloud-dhcp-controller/pkg/controller/pod/event_handler.go:31.21,33.10 2 0
tydic.io/dcloud-dhcp-controller/pkg/controller/pod/event_handler.go:33.10,36.4 2 0
tydic.io/dcloud-dhcp-controller/pkg/controller/pod/event_handler.go:38.3,38.28 1 0
tydic.io/dcloud-dhcp-controller/pkg/controller/pod/event_handler.go:38.28,40.4 1 0
tydic.io/dcloud-dhcp-controller/pkg/controller/pod/event_handler.go:44.64,47.18 3 0
tydic.io/dcloud-dhcp-controller/pkg/controller/pod/event_handler.go:47.18,50.3 2 0
tydic.io/dcloud-dhcp-controller/pkg/controller/pod/event_handler.go:51.2,53.33 3 0
tydic.io/dcloud-dhcp-controller/pkg/controller/pod/event_handler.go:53.33,55.3 1 0
tydic.io/dcloud-dhcp-controller/pkg/controller/pod/event_handler.go:58.53,59.25 1 0
tydic.io/dcloud-dhcp-controller/pkg/controller/pod/event_handler.go:60.38,62.10 2 0
tydic.io/dcloud-dhcp-controller/pkg/controller/pod/event_handler.go:62.10,65.4 2 0
tydic.io/dcloud-dhcp-controller/pkg/controller/pod/event_handler.go:67.3,67.37 1 0
tydic.io/dcloud-dhcp-controller/pkg/controller/pod/event_handler.go:68.19,70.35 1 0
tydic.io/dcloud-dhcp-controller/pkg/controller/pod/event_handler.go:71.10,72.50 1 0
tydic.io/dcloud-dhcp-controller/pkg/controller/pod/pod.go:19.103,20.36 1 0
tydic.io/dcloud-dhcp-controller/pkg/controller/pod/pod.go:20.36,22.3 1 0
tydic.io/dcloud-dhcp-controller/pkg/controller/pod/pod.go:23.2,25.23 3 0
tydic.io/dcloud-dhcp-controller/pkg/controller/pod/pod.go:28.106,30.36 2 0
tydic.io/dcloud-dhcp-controller/pkg/controller/pod/pod.go:30.36,33.3 2 0
tydic.io/dcloud-dhcp-controller/pkg/controller/pod/pod.go:34.2,36.16 3 0
tydic.io/dcloud-dhcp-controller/pkg/controller/pod/pod.go:36.16,41.3 3 0
tydic.io/dcloud-dhcp-controller/pkg/controller/pod/pod.go:42.2,44.43 3 0
tydic.io/dcloud-dhcp-controller/pkg/controller/pod/pod.go:44.43,47.22 2 0
tydic.io/dcloud-dhcp-controller/pkg/controller/pod/pod.go:47.22,48.12 1 0
tydic.io/dcloud-dhcp-controller/pkg/controller/pod/pod.go:50.3,52.10 3 0
tydic.io/dcloud-dhcp-controller/pkg/controller/pod/pod.go:52.10,53.12 1 0
tydic.io/dcloud-dhcp-controller/pkg/controller/pod/pod.go:55.3,55.48 1 0
tydic.io/dcloud-dhcp-controller/pkg/controller/pod/pod.go:55.48,58.4 2 0
tydic.io/dcloud-dhcp-controller/pkg/controller/pod/pod.go:60.2,60.31 1 0
tydic.io/dcloud-dhcp-controller/pkg/controller/pod/pod.go:60.31,63.3 2 0
tydic.io/dcloud-dhcp-controller/pkg/controller/pod/pod.go:64.2,68.42 3 0
tydic.io/dcloud-dhcp-controller/pkg/controller/pod/pod.go:68.42,69.54 1 0
tydic.io/dcloud-dhcp-controller/pkg/controller/pod/pod.go:69.54,71.12 2 0
tydic.io/dcloud-dhcp-controller/pkg/controller/pod/pod.go:73.3,77.80 4 0
tydic.io/dcloud-dhcp-controller/pkg/controller/pod/pod.go:77.80,79.12 2 0
tydic.io/dcloud-dhcp-controller/pkg/controller/pod/pod.go:81.3,81.80 1 0
tydic.io/dcloud-dhcp-controller/pkg/controller/pod/pod.go:81.80,83.12 2 0
tydic.io/dcloud-dhcp-controller/pkg/controller/pod/pod.go:87.2,87.19 1 0
tydic.io/dcloud-dhcp-controller/pkg/controller/pod/pod.go:87.19,89.28 2 0
tydic.io/dcloud-dhcp-controller/pkg/controller/pod/pod.go:89.28,91.4 1 0
tydic.io/dcloud-dhcp-controller/pkg/controller/pod/pod.go:92.3,92.114 1 0
tydic.io/dcloud-dhcp-controller/pkg/controller/pod/pod.go:95.2,95.12 1 0
tydic.io/dcloud-dhcp-controller/pkg/controller/pod/pod.go:98.145,106.2 2 0
tydic.io/dcloud-dhcp-controller/pkg/controller/pod/pod.go:108.145,111.21 2 0
tydic.io/dcloud-dhcp-controller/pkg/controller/pod/pod.go:111.21,113.3 1 0
tydic.io/dcloud-dhcp-controller/pkg/controller/pod/pod.go:115.2,122.12 4 0
tydic.io/dcloud-dhcp-controller/pkg/controller/pod/pod.go:125.92,130.2 2 0
tydic.io/dcloud-dhcp-controller/pkg/controller/pod/types.go:21.61,29.2 1 0
