mode: set
tydic.io/dcloud-dhcp-controller/main.go:15.13,23.2 4 0
tydic.io/dcloud-dhcp-controller/main.go:25.24,30.33 2 0
tydic.io/dcloud-dhcp-controller/main.go:30.33,32.10 2 0
tydic.io/dcloud-dhcp-controller/main.go:32.10,34.4 1 0
tydic.io/dcloud-dhcp-controller/main.go:36.2,36.12 1 0
tydic.io/dcloud-dhcp-controller/main.go:39.13,43.16 3 0
tydic.io/dcloud-dhcp-controller/main.go:43.16,45.3 1 0
tydic.io/dcloud-dhcp-controller/main.go:45.8,48.3 2 0
tydic.io/dcloud-dhcp-controller/main.go:49.2,49.36 1 0
tydic.io/dcloud-dhcp-controller/main.go:49.36,51.3 1 0
tydic.io/dcloud-dhcp-controller/main.go:52.2,59.12 5 0
tydic.io/dcloud-dhcp-controller/main.go:59.12,62.3 2 0
tydic.io/dcloud-dhcp-controller/main.go:64.2,66.10 3 0
tydic.io/dcloud-dhcp-controller/pkg/controller/worker.go:24.79,29.31 2 0
tydic.io/dcloud-dhcp-controller/pkg/controller/worker.go:29.31,31.3 1 0
tydic.io/dcloud-dhcp-controller/pkg/controller/worker.go:33.2,35.51 3 0
tydic.io/dcloud-dhcp-controller/pkg/controller/worker.go:38.77,39.35 1 0
tydic.io/dcloud-dhcp-controller/pkg/controller/worker.go:39.35,40.45 1 0
tydic.io/dcloud-dhcp-controller/pkg/controller/worker.go:40.46,41.4 0 0
tydic.io/dcloud-dhcp-controller/pkg/controller/worker.go:45.90,46.15 1 0
tydic.io/dcloud-dhcp-controller/pkg/controller/worker.go:46.15,47.31 1 0
tydic.io/dcloud-dhcp-controller/pkg/controller/worker.go:47.31,49.21 2 0
tydic.io/dcloud-dhcp-controller/pkg/controller/worker.go:49.21,50.50 1 0
tydic.io/dcloud-dhcp-controller/pkg/controller/worker.go:50.50,52.6 1 0
tydic.io/dcloud-dhcp-controller/pkg/controller/worker.go:53.5,55.11 3 0
tydic.io/dcloud-dhcp-controller/pkg/controller/worker.go:57.4,57.12 1 0
tydic.io/dcloud-dhcp-controller/pkg/controller/worker.go:61.2,62.8 2 0
tydic.io/dcloud-dhcp-controller/pkg/controller/worker.go:65.55,67.10 2 0
tydic.io/dcloud-dhcp-controller/pkg/controller/worker.go:67.10,69.3 1 0
tydic.io/dcloud-dhcp-controller/pkg/controller/worker.go:70.2,73.9 3 0
tydic.io/dcloud-dhcp-controller/pkg/controller/worker.go:73.9,76.3 2 0
tydic.io/dcloud-dhcp-controller/pkg/controller/worker.go:78.2,80.47 2 0
tydic.io/dcloud-dhcp-controller/pkg/controller/worker.go:80.47,83.3 2 0
tydic.io/dcloud-dhcp-controller/pkg/controller/worker.go:83.8,85.3 1 0
tydic.io/dcloud-dhcp-controller/pkg/controller/worker.go:87.2,87.13 1 0
tydic.io/dcloud-dhcp-controller/pkg/controller/pod/controller.go:46.15,47.131 1 0
tydic.io/dcloud-dhcp-controller/pkg/controller/pod/controller.go:47.131,48.139 1 0
tydic.io/dcloud-dhcp-controller/pkg/controller/pod/controller.go:48.139,52.4 2 0
tydic.io/dcloud-dhcp-controller/pkg/controller/pod/controller.go:53.3,53.140 1 0
tydic.io/dcloud-dhcp-controller/pkg/controller/pod/controller.go:55.2,72.10 5 0
tydic.io/dcloud-dhcp-controller/pkg/controller/pod/controller.go:75.43,77.2 1 0
tydic.io/dcloud-dhcp-controller/pkg/controller/pod/controller.go:79.67,80.25 1 0
tydic.io/dcloud-dhcp-controller/pkg/controller/pod/controller.go:81.19,83.29 2 0
tydic.io/dcloud-dhcp-controller/pkg/controller/pod/controller.go:83.29,86.4 2 0
tydic.io/dcloud-dhcp-controller/pkg/controller/pod/controller.go:86.9,86.24 1 0
tydic.io/dcloud-dhcp-controller/pkg/controller/pod/controller.go:86.24,89.4 2 0
tydic.io/dcloud-dhcp-controller/pkg/controller/pod/controller.go:90.3,91.72 2 0
tydic.io/dcloud-dhcp-controller/pkg/controller/pod/controller.go:91.72,94.4 2 0
tydic.io/dcloud-dhcp-controller/pkg/controller/pod/controller.go:95.14,97.63 2 0
tydic.io/dcloud-dhcp-controller/pkg/controller/pod/controller.go:97.63,100.4 2 0
tydic.io/dcloud-dhcp-controller/pkg/controller/pod/controller.go:102.2,102.12 1 0
tydic.io/dcloud-dhcp-controller/pkg/controller/pod/event_handler.go:16.57,17.33 1 0
tydic.io/dcloud-dhcp-controller/pkg/controller/pod/event_handler.go:17.33,19.3 1 0
tydic.io/dcloud-dhcp-controller/pkg/controller/pod/event_handler.go:20.2,21.19 2 0
tydic.io/dcloud-dhcp-controller/pkg/controller/pod/event_handler.go:24.47,27.2 2 0
tydic.io/dcloud-dhcp-controller/pkg/controller/pod/event_handler.go:29.72,31.21 1 0
tydic.io/dcloud-dhcp-controller/pkg/controller/pod/event_handler.go:31.21,33.10 2 0
tydic.io/dcloud-dhcp-controller/pkg/controller/pod/event_handler.go:33.10,36.4 2 0
tydic.io/dcloud-dhcp-controller/pkg/controller/pod/event_handler.go:38.3,38.28 1 0
tydic.io/dcloud-dhcp-controller/pkg/controller/pod/event_handler.go:38.28,40.4 1 0
tydic.io/dcloud-dhcp-controller/pkg/controller/pod/event_handler.go:44.64,47.18 3 0
tydic.io/dcloud-dhcp-controller/pkg/controller/pod/event_handler.go:47.18,50.3 2 0
tydic.io/dcloud-dhcp-controller/pkg/controller/pod/event_handler.go:51.2,53.33 3 0
tydic.io/dcloud-dhcp-controller/pkg/controller/pod/event_handler.go:53.33,55.3 1 0
tydic.io/dcloud-dhcp-controller/pkg/controller/pod/event_handler.go:58.53,59.25 1 0
tydic.io/dcloud-dhcp-controller/pkg/controller/pod/event_handler.go:60.38,62.10 2 0
tydic.io/dcloud-dhcp-controller/pkg/controller/pod/event_handler.go:62.10,65.4 2 0
tydic.io/dcloud-dhcp-controller/pkg/controller/pod/event_handler.go:67.3,67.37 1 0
tydic.io/dcloud-dhcp-controller/pkg/controller/pod/event_handler.go:68.19,70.35 1 0
tydic.io/dcloud-dhcp-controller/pkg/controller/pod/event_handler.go:71.10,72.50 1 0
tydic.io/dcloud-dhcp-controller/pkg/controller/pod/pod.go:23.103,24.36 1 0
tydic.io/dcloud-dhcp-controller/pkg/controller/pod/pod.go:24.36,26.3 1 0
tydic.io/dcloud-dhcp-controller/pkg/controller/pod/pod.go:27.2,29.23 3 0
tydic.io/dcloud-dhcp-controller/pkg/controller/pod/pod.go:32.99,33.36 1 0
tydic.io/dcloud-dhcp-controller/pkg/controller/pod/pod.go:33.36,35.3 1 0
tydic.io/dcloud-dhcp-controller/pkg/controller/pod/pod.go:36.2,38.23 3 0
tydic.io/dcloud-dhcp-controller/pkg/controller/pod/pod.go:41.116,44.9 2 0
tydic.io/dcloud-dhcp-controller/pkg/controller/pod/pod.go:44.9,47.38 2 0
tydic.io/dcloud-dhcp-controller/pkg/controller/pod/pod.go:47.38,49.4 1 0
tydic.io/dcloud-dhcp-controller/pkg/controller/pod/pod.go:51.3,52.34 2 0
tydic.io/dcloud-dhcp-controller/pkg/controller/pod/pod.go:52.34,53.57 1 0
tydic.io/dcloud-dhcp-controller/pkg/controller/pod/pod.go:53.57,55.5 1 0
tydic.io/dcloud-dhcp-controller/pkg/controller/pod/pod.go:57.3,57.30 1 0
tydic.io/dcloud-dhcp-controller/pkg/controller/pod/pod.go:57.30,59.4 1 0
tydic.io/dcloud-dhcp-controller/pkg/controller/pod/pod.go:62.3,62.80 1 0
tydic.io/dcloud-dhcp-controller/pkg/controller/pod/pod.go:62.80,64.4 1 0
tydic.io/dcloud-dhcp-controller/pkg/controller/pod/pod.go:65.3,65.17 1 0
tydic.io/dcloud-dhcp-controller/pkg/controller/pod/pod.go:65.17,67.4 1 0
tydic.io/dcloud-dhcp-controller/pkg/controller/pod/pod.go:67.9,69.4 1 0
tydic.io/dcloud-dhcp-controller/pkg/controller/pod/pod.go:71.2,71.19 1 0
tydic.io/dcloud-dhcp-controller/pkg/controller/pod/pod.go:74.117,77.36 2 0
tydic.io/dcloud-dhcp-controller/pkg/controller/pod/pod.go:77.36,80.3 2 0
tydic.io/dcloud-dhcp-controller/pkg/controller/pod/pod.go:83.2,85.16 3 0
tydic.io/dcloud-dhcp-controller/pkg/controller/pod/pod.go:85.16,90.3 3 0
tydic.io/dcloud-dhcp-controller/pkg/controller/pod/pod.go:93.2,95.49 3 0
tydic.io/dcloud-dhcp-controller/pkg/controller/pod/pod.go:95.49,98.22 2 0
tydic.io/dcloud-dhcp-controller/pkg/controller/pod/pod.go:98.22,99.12 1 0
tydic.io/dcloud-dhcp-controller/pkg/controller/pod/pod.go:101.3,103.16 3 0
tydic.io/dcloud-dhcp-controller/pkg/controller/pod/pod.go:103.16,105.4 1 0
tydic.io/dcloud-dhcp-controller/pkg/controller/pod/pod.go:106.3,107.23 2 0
tydic.io/dcloud-dhcp-controller/pkg/controller/pod/pod.go:107.23,108.12 1 0
tydic.io/dcloud-dhcp-controller/pkg/controller/pod/pod.go:111.3,118.72 3 0
tydic.io/dcloud-dhcp-controller/pkg/controller/pod/pod.go:121.2,121.31 1 0
tydic.io/dcloud-dhcp-controller/pkg/controller/pod/pod.go:121.31,124.3 2 0
tydic.io/dcloud-dhcp-controller/pkg/controller/pod/pod.go:125.2,130.49 3 0
tydic.io/dcloud-dhcp-controller/pkg/controller/pod/pod.go:130.49,132.61 1 0
tydic.io/dcloud-dhcp-controller/pkg/controller/pod/pod.go:132.61,135.12 2 0
tydic.io/dcloud-dhcp-controller/pkg/controller/pod/pod.go:139.3,139.116 1 0
tydic.io/dcloud-dhcp-controller/pkg/controller/pod/pod.go:139.116,141.4 1 0
tydic.io/dcloud-dhcp-controller/pkg/controller/pod/pod.go:144.3,144.116 1 0
tydic.io/dcloud-dhcp-controller/pkg/controller/pod/pod.go:144.116,146.4 1 0
tydic.io/dcloud-dhcp-controller/pkg/controller/pod/pod.go:149.2,149.19 1 0
tydic.io/dcloud-dhcp-controller/pkg/controller/pod/pod.go:149.19,151.3 1 0
tydic.io/dcloud-dhcp-controller/pkg/controller/pod/pod.go:153.2,153.12 1 0
tydic.io/dcloud-dhcp-controller/pkg/controller/pod/pod.go:156.145,159.70 2 0
tydic.io/dcloud-dhcp-controller/pkg/controller/pod/pod.go:159.70,161.3 1 0
tydic.io/dcloud-dhcp-controller/pkg/controller/pod/pod.go:163.2,165.90 3 0
tydic.io/dcloud-dhcp-controller/pkg/controller/pod/pod.go:165.90,168.55 2 0
tydic.io/dcloud-dhcp-controller/pkg/controller/pod/pod.go:168.55,170.4 1 0
tydic.io/dcloud-dhcp-controller/pkg/controller/pod/pod.go:170.9,172.4 1 0
tydic.io/dcloud-dhcp-controller/pkg/controller/pod/pod.go:173.3,173.18 1 0
tydic.io/dcloud-dhcp-controller/pkg/controller/pod/pod.go:173.18,176.4 1 0
tydic.io/dcloud-dhcp-controller/pkg/controller/pod/pod.go:179.2,179.12 1 0
tydic.io/dcloud-dhcp-controller/pkg/controller/pod/pod.go:182.145,185.70 2 0
tydic.io/dcloud-dhcp-controller/pkg/controller/pod/pod.go:185.70,187.3 1 0
tydic.io/dcloud-dhcp-controller/pkg/controller/pod/pod.go:189.2,191.90 3 0
tydic.io/dcloud-dhcp-controller/pkg/controller/pod/pod.go:191.90,194.55 2 0
tydic.io/dcloud-dhcp-controller/pkg/controller/pod/pod.go:194.55,196.4 1 0
tydic.io/dcloud-dhcp-controller/pkg/controller/pod/pod.go:196.9,198.4 1 0
tydic.io/dcloud-dhcp-controller/pkg/controller/pod/pod.go:199.3,199.18 1 0
tydic.io/dcloud-dhcp-controller/pkg/controller/pod/pod.go:199.18,202.4 1 0
tydic.io/dcloud-dhcp-controller/pkg/controller/pod/pod.go:205.2,205.12 1 0
tydic.io/dcloud-dhcp-controller/pkg/controller/pod/pod.go:208.95,220.2 5 0
tydic.io/dcloud-dhcp-controller/pkg/controller/pod/pod.go:222.71,224.8 2 0
tydic.io/dcloud-dhcp-controller/pkg/controller/pod/pod.go:224.8,226.3 1 0
tydic.io/dcloud-dhcp-controller/pkg/controller/pod/pod.go:226.8,228.3 1 0
tydic.io/dcloud-dhcp-controller/pkg/controller/pod/pod.go:231.71,233.8 2 0
tydic.io/dcloud-dhcp-controller/pkg/controller/pod/pod.go:233.8,235.3 1 0
tydic.io/dcloud-dhcp-controller/pkg/controller/pod/pod.go:235.8,237.3 1 0
tydic.io/dcloud-dhcp-controller/pkg/controller/pod/types.go:23.35,25.2 1 0
tydic.io/dcloud-dhcp-controller/pkg/controller/pod/types.go:27.61,35.2 1 0
tydic.io/dcloud-dhcp-controller/pkg/app/app.go:46.13,49.2 2 0
tydic.io/dcloud-dhcp-controller/pkg/app/app.go:66.26,68.2 1 0
tydic.io/dcloud-dhcp-controller/pkg/app/app.go:70.68,71.40 1 0
tydic.io/dcloud-dhcp-controller/pkg/app/app.go:71.40,73.3 1 0
tydic.io/dcloud-dhcp-controller/pkg/app/app.go:75.2,78.18 1 0
tydic.io/dcloud-dhcp-controller/pkg/app/app.go:81.26,84.28 3 0
tydic.io/dcloud-dhcp-controller/pkg/app/app.go:84.28,87.3 2 0
tydic.io/dcloud-dhcp-controller/pkg/app/app.go:89.2,105.29 11 0
tydic.io/dcloud-dhcp-controller/pkg/app/app.go:105.29,107.3 1 0
tydic.io/dcloud-dhcp-controller/pkg/app/app.go:109.2,110.39 2 0
tydic.io/dcloud-dhcp-controller/pkg/app/app.go:110.39,112.3 1 0
tydic.io/dcloud-dhcp-controller/pkg/app/app.go:114.2,126.3 3 0
tydic.io/dcloud-dhcp-controller/pkg/app/app.go:129.48,138.52 1 0
tydic.io/dcloud-dhcp-controller/pkg/app/app.go:138.52,144.5 4 0
tydic.io/dcloud-dhcp-controller/pkg/app/app.go:145.29,148.5 2 0
tydic.io/dcloud-dhcp-controller/pkg/app/app.go:149.39,150.31 1 0
tydic.io/dcloud-dhcp-controller/pkg/app/app.go:150.31,152.6 1 0
tydic.io/dcloud-dhcp-controller/pkg/app/app.go:153.5,153.60 1 0
tydic.io/dcloud-dhcp-controller/pkg/app/app.go:160.64,163.2 2 0
tydic.io/dcloud-dhcp-controller/pkg/app/app.go:165.52,186.65 10 0
tydic.io/dcloud-dhcp-controller/pkg/app/app.go:186.65,188.81 1 0
tydic.io/dcloud-dhcp-controller/pkg/app/app.go:188.81,190.4 1 0
tydic.io/dcloud-dhcp-controller/pkg/app/app.go:191.3,191.17 1 0
tydic.io/dcloud-dhcp-controller/pkg/app/app.go:194.2,214.36 12 0
tydic.io/dcloud-dhcp-controller/pkg/app/app.go:221.39,222.64 1 0
tydic.io/dcloud-dhcp-controller/pkg/app/app.go:222.64,224.17 2 0
tydic.io/dcloud-dhcp-controller/pkg/app/app.go:224.17,227.4 2 0
tydic.io/dcloud-dhcp-controller/pkg/app/app.go:229.3,230.59 2 0
tydic.io/dcloud-dhcp-controller/pkg/app/app.go:232.2,232.16 1 0
tydic.io/dcloud-dhcp-controller/pkg/app/app.go:232.16,234.3 1 0
tydic.io/dcloud-dhcp-controller/pkg/app/app.go:237.42,238.25 1 0
tydic.io/dcloud-dhcp-controller/pkg/app/app.go:238.25,240.17 2 0
tydic.io/dcloud-dhcp-controller/pkg/app/app.go:240.17,243.4 2 0
tydic.io/dcloud-dhcp-controller/pkg/app/app.go:244.3,245.17 2 0
tydic.io/dcloud-dhcp-controller/pkg/app/app.go:245.17,248.4 2 0
tydic.io/dcloud-dhcp-controller/pkg/app/app.go:251.2,251.64 1 0
tydic.io/dcloud-dhcp-controller/pkg/app/app.go:251.64,253.17 2 0
tydic.io/dcloud-dhcp-controller/pkg/app/app.go:253.17,256.4 2 0
tydic.io/dcloud-dhcp-controller/pkg/app/app.go:258.3,259.59 2 0
tydic.io/dcloud-dhcp-controller/pkg/app/app.go:261.2,261.16 1 0
tydic.io/dcloud-dhcp-controller/pkg/app/app.go:261.16,263.3 1 0
tydic.io/dcloud-dhcp-controller/pkg/app/app.go:267.27,268.16 1 0
tydic.io/dcloud-dhcp-controller/pkg/app/app.go:268.16,270.3 1 0
tydic.io/dcloud-dhcp-controller/pkg/dhcp/v6/dhcp.go:53.46,55.2 1 0
tydic.io/dcloud-dhcp-controller/pkg/dhcp/v6/dhcp.go:57.59,76.2 8 0
tydic.io/dcloud-dhcp-controller/pkg/dhcp/v6/dhcp.go:78.66,83.2 4 0
tydic.io/dcloud-dhcp-controller/pkg/dhcp/v6/dhcp.go:85.79,92.8 5 0
tydic.io/dcloud-dhcp-controller/pkg/dhcp/v6/dhcp.go:92.8,94.3 1 0
tydic.io/dcloud-dhcp-controller/pkg/dhcp/v6/dhcp.go:94.8,96.3 1 0
tydic.io/dcloud-dhcp-controller/pkg/dhcp/v6/dhcp.go:98.2,98.8 1 0
tydic.io/dcloud-dhcp-controller/pkg/dhcp/v6/dhcp.go:101.62,105.21 3 0
tydic.io/dcloud-dhcp-controller/pkg/dhcp/v6/dhcp.go:105.21,107.3 1 0
tydic.io/dcloud-dhcp-controller/pkg/dhcp/v6/dhcp.go:109.2,109.39 1 0
tydic.io/dcloud-dhcp-controller/pkg/dhcp/v6/dhcp.go:109.39,112.3 2 0
tydic.io/dcloud-dhcp-controller/pkg/dhcp/v6/dhcp.go:112.8,115.3 2 0
tydic.io/dcloud-dhcp-controller/pkg/dhcp/v6/dhcp.go:116.2,116.12 1 0
tydic.io/dcloud-dhcp-controller/pkg/dhcp/v6/dhcp.go:119.71,124.2 4 0
tydic.io/dcloud-dhcp-controller/pkg/dhcp/v6/dhcp.go:126.90,130.38 4 0
tydic.io/dcloud-dhcp-controller/pkg/dhcp/v6/dhcp.go:130.38,132.3 1 0
tydic.io/dcloud-dhcp-controller/pkg/dhcp/v6/dhcp.go:133.2,134.38 2 0
tydic.io/dcloud-dhcp-controller/pkg/dhcp/v6/dhcp.go:134.38,136.3 1 0
tydic.io/dcloud-dhcp-controller/pkg/dhcp/v6/dhcp.go:137.2,139.41 3 0
tydic.io/dcloud-dhcp-controller/pkg/dhcp/v6/dhcp.go:139.41,141.3 1 0
tydic.io/dcloud-dhcp-controller/pkg/dhcp/v6/dhcp.go:142.2,143.38 2 0
tydic.io/dcloud-dhcp-controller/pkg/dhcp/v6/dhcp.go:143.38,145.3 1 0
tydic.io/dcloud-dhcp-controller/pkg/dhcp/v6/dhcp.go:146.2,147.17 2 0
tydic.io/dcloud-dhcp-controller/pkg/dhcp/v6/dhcp.go:147.17,149.3 1 0
tydic.io/dcloud-dhcp-controller/pkg/dhcp/v6/dhcp.go:150.2,150.44 1 0
tydic.io/dcloud-dhcp-controller/pkg/dhcp/v6/dhcp.go:153.91,157.18 3 0
tydic.io/dcloud-dhcp-controller/pkg/dhcp/v6/dhcp.go:157.18,159.3 1 0
tydic.io/dcloud-dhcp-controller/pkg/dhcp/v6/dhcp.go:161.2,161.18 1 0
tydic.io/dcloud-dhcp-controller/pkg/dhcp/v6/dhcp.go:161.18,163.3 1 0
tydic.io/dcloud-dhcp-controller/pkg/dhcp/v6/dhcp.go:165.2,166.21 2 0
tydic.io/dcloud-dhcp-controller/pkg/dhcp/v6/dhcp.go:166.21,168.3 1 0
tydic.io/dcloud-dhcp-controller/pkg/dhcp/v6/dhcp.go:170.2,170.48 1 0
tydic.io/dcloud-dhcp-controller/pkg/dhcp/v6/dhcp.go:170.48,172.3 1 0
tydic.io/dcloud-dhcp-controller/pkg/dhcp/v6/dhcp.go:174.2,177.44 2 0
tydic.io/dcloud-dhcp-controller/pkg/dhcp/v6/dhcp.go:177.44,179.3 1 0
tydic.io/dcloud-dhcp-controller/pkg/dhcp/v6/dhcp.go:179.8,181.3 1 0
tydic.io/dcloud-dhcp-controller/pkg/dhcp/v6/dhcp.go:183.2,183.44 1 0
tydic.io/dcloud-dhcp-controller/pkg/dhcp/v6/dhcp.go:183.44,185.3 1 0
tydic.io/dcloud-dhcp-controller/pkg/dhcp/v6/dhcp.go:185.8,187.3 1 0
tydic.io/dcloud-dhcp-controller/pkg/dhcp/v6/dhcp.go:190.2,190.50 1 0
tydic.io/dcloud-dhcp-controller/pkg/dhcp/v6/dhcp.go:190.50,192.3 1 0
tydic.io/dcloud-dhcp-controller/pkg/dhcp/v6/dhcp.go:192.8,194.3 1 0
tydic.io/dcloud-dhcp-controller/pkg/dhcp/v6/dhcp.go:196.2,196.47 1 0
tydic.io/dcloud-dhcp-controller/pkg/dhcp/v6/dhcp.go:196.47,198.3 1 0
tydic.io/dcloud-dhcp-controller/pkg/dhcp/v6/dhcp.go:198.8,200.3 1 0
tydic.io/dcloud-dhcp-controller/pkg/dhcp/v6/dhcp.go:202.2,204.12 2 0
tydic.io/dcloud-dhcp-controller/pkg/dhcp/v6/dhcp.go:207.74,211.8 4 0
tydic.io/dcloud-dhcp-controller/pkg/dhcp/v6/dhcp.go:211.8,213.3 1 0
tydic.io/dcloud-dhcp-controller/pkg/dhcp/v6/dhcp.go:214.2,214.16 1 0
tydic.io/dcloud-dhcp-controller/pkg/dhcp/v6/dhcp.go:217.71,221.8 4 0
tydic.io/dcloud-dhcp-controller/pkg/dhcp/v6/dhcp.go:221.8,223.3 1 0
tydic.io/dcloud-dhcp-controller/pkg/dhcp/v6/dhcp.go:224.2,224.16 1 0
tydic.io/dcloud-dhcp-controller/pkg/dhcp/v6/dhcp.go:227.65,231.18 3 0
tydic.io/dcloud-dhcp-controller/pkg/dhcp/v6/dhcp.go:231.18,233.3 1 0
tydic.io/dcloud-dhcp-controller/pkg/dhcp/v6/dhcp.go:235.2,236.9 2 0
tydic.io/dcloud-dhcp-controller/pkg/dhcp/v6/dhcp.go:236.9,239.3 2 0
tydic.io/dcloud-dhcp-controller/pkg/dhcp/v6/dhcp.go:241.2,242.9 2 0
tydic.io/dcloud-dhcp-controller/pkg/dhcp/v6/dhcp.go:242.9,245.3 2 0
tydic.io/dcloud-dhcp-controller/pkg/dhcp/v6/dhcp.go:247.2,248.40 2 0
tydic.io/dcloud-dhcp-controller/pkg/dhcp/v6/dhcp.go:248.40,250.49 2 0
tydic.io/dcloud-dhcp-controller/pkg/dhcp/v6/dhcp.go:250.49,254.4 3 0
tydic.io/dcloud-dhcp-controller/pkg/dhcp/v6/dhcp.go:254.9,254.16 1 0
tydic.io/dcloud-dhcp-controller/pkg/dhcp/v6/dhcp.go:254.16,256.4 1 0
tydic.io/dcloud-dhcp-controller/pkg/dhcp/v6/dhcp.go:258.2,261.43 3 0
tydic.io/dcloud-dhcp-controller/pkg/dhcp/v6/dhcp.go:261.43,263.49 2 0
tydic.io/dcloud-dhcp-controller/pkg/dhcp/v6/dhcp.go:263.49,265.4 1 0
tydic.io/dcloud-dhcp-controller/pkg/dhcp/v6/dhcp.go:265.9,265.16 1 0
tydic.io/dcloud-dhcp-controller/pkg/dhcp/v6/dhcp.go:265.16,267.4 1 0
tydic.io/dcloud-dhcp-controller/pkg/dhcp/v6/dhcp.go:269.2,273.12 3 0
tydic.io/dcloud-dhcp-controller/pkg/dhcp/v6/dhcp.go:276.90,278.14 1 0
tydic.io/dcloud-dhcp-controller/pkg/dhcp/v6/dhcp.go:278.14,281.3 2 0
tydic.io/dcloud-dhcp-controller/pkg/dhcp/v6/dhcp.go:283.2,286.16 3 0
tydic.io/dcloud-dhcp-controller/pkg/dhcp/v6/dhcp.go:286.16,289.3 2 0
tydic.io/dcloud-dhcp-controller/pkg/dhcp/v6/dhcp.go:291.2,292.16 2 0
tydic.io/dcloud-dhcp-controller/pkg/dhcp/v6/dhcp.go:292.16,295.3 2 0
tydic.io/dcloud-dhcp-controller/pkg/dhcp/v6/dhcp.go:297.2,298.34 2 0
tydic.io/dcloud-dhcp-controller/pkg/dhcp/v6/dhcp.go:298.34,301.3 2 0
tydic.io/dcloud-dhcp-controller/pkg/dhcp/v6/dhcp.go:303.2,304.9 2 0
tydic.io/dcloud-dhcp-controller/pkg/dhcp/v6/dhcp.go:304.9,307.3 2 0
tydic.io/dcloud-dhcp-controller/pkg/dhcp/v6/dhcp.go:309.2,333.25 4 0
tydic.io/dcloud-dhcp-controller/pkg/dhcp/v6/dhcp.go:333.25,335.3 1 0
tydic.io/dcloud-dhcp-controller/pkg/dhcp/v6/dhcp.go:336.2,336.25 1 0
tydic.io/dcloud-dhcp-controller/pkg/dhcp/v6/dhcp.go:336.25,339.3 2 0
tydic.io/dcloud-dhcp-controller/pkg/dhcp/v6/dhcp.go:347.2,349.25 2 0
tydic.io/dcloud-dhcp-controller/pkg/dhcp/v6/dhcp.go:350.33,351.56 1 0
tydic.io/dcloud-dhcp-controller/pkg/dhcp/v6/dhcp.go:351.56,355.4 3 0
tydic.io/dcloud-dhcp-controller/pkg/dhcp/v6/dhcp.go:355.9,360.4 3 0
tydic.io/dcloud-dhcp-controller/pkg/dhcp/v6/dhcp.go:361.10,364.58 3 0
tydic.io/dcloud-dhcp-controller/pkg/dhcp/v6/dhcp.go:367.2,367.16 1 0
tydic.io/dcloud-dhcp-controller/pkg/dhcp/v6/dhcp.go:367.16,370.3 2 0
tydic.io/dcloud-dhcp-controller/pkg/dhcp/v6/dhcp.go:372.2,373.24 2 0
tydic.io/dcloud-dhcp-controller/pkg/dhcp/v6/dhcp.go:373.24,377.3 3 0
tydic.io/dcloud-dhcp-controller/pkg/dhcp/v6/dhcp.go:379.2,380.16 2 0
tydic.io/dcloud-dhcp-controller/pkg/dhcp/v6/dhcp.go:380.16,382.3 1 0
tydic.io/dcloud-dhcp-controller/pkg/dhcp/v6/dhcp.go:385.56,390.2 4 0
tydic.io/dcloud-dhcp-controller/pkg/dhcp/v6/dhcp.go:392.53,398.39 4 0
tydic.io/dcloud-dhcp-controller/pkg/dhcp/v6/dhcp.go:398.39,400.3 1 0
tydic.io/dcloud-dhcp-controller/pkg/dhcp/v6/dhcp.go:402.2,408.16 3 0
tydic.io/dcloud-dhcp-controller/pkg/dhcp/v6/dhcp.go:408.16,410.3 1 0
tydic.io/dcloud-dhcp-controller/pkg/dhcp/v6/dhcp.go:412.2,412.12 1 0
tydic.io/dcloud-dhcp-controller/pkg/dhcp/v6/dhcp.go:412.12,414.3 1 0
tydic.io/dcloud-dhcp-controller/pkg/dhcp/v6/dhcp.go:416.2,423.12 3 0
tydic.io/dcloud-dhcp-controller/pkg/dhcp/v6/dhcp.go:423.12,424.10 1 0
tydic.io/dcloud-dhcp-controller/pkg/dhcp/v6/dhcp.go:425.23,426.76 1 0
tydic.io/dcloud-dhcp-controller/pkg/dhcp/v6/dhcp.go:427.21,427.21 0 0
tydic.io/dcloud-dhcp-controller/pkg/dhcp/v6/dhcp.go:431.2,433.12 2 0
tydic.io/dcloud-dhcp-controller/pkg/dhcp/v6/dhcp.go:436.54,443.9 5 0
tydic.io/dcloud-dhcp-controller/pkg/dhcp/v6/dhcp.go:443.9,446.3 2 0
tydic.io/dcloud-dhcp-controller/pkg/dhcp/v6/dhcp.go:448.2,449.50 2 0
tydic.io/dcloud-dhcp-controller/pkg/dhcp/v6/dhcp.go:449.50,451.3 1 0
tydic.io/dcloud-dhcp-controller/pkg/dhcp/v6/dhcp.go:453.2,459.12 4 0
tydic.io/dcloud-dhcp-controller/pkg/metrics/metrics.go:36.46,82.2 8 0
tydic.io/dcloud-dhcp-controller/pkg/metrics/metrics.go:84.87,86.2 1 0
tydic.io/dcloud-dhcp-controller/pkg/metrics/metrics.go:88.87,90.2 1 0
tydic.io/dcloud-dhcp-controller/pkg/metrics/metrics.go:92.87,94.2 1 0
tydic.io/dcloud-dhcp-controller/pkg/metrics/metrics.go:96.87,98.2 1 0
tydic.io/dcloud-dhcp-controller/pkg/metrics/metrics.go:100.118,104.2 2 0
tydic.io/dcloud-dhcp-controller/pkg/metrics/metrics.go:106.62,108.2 1 0
tydic.io/dcloud-dhcp-controller/pkg/metrics/metrics.go:110.94,113.2 2 0
tydic.io/dcloud-dhcp-controller/pkg/metrics/metrics.go:115.74,116.15 1 0
tydic.io/dcloud-dhcp-controller/pkg/metrics/metrics.go:116.15,118.3 1 0
tydic.io/dcloud-dhcp-controller/pkg/metrics/metrics.go:118.8,120.3 1 0
tydic.io/dcloud-dhcp-controller/pkg/metrics/metrics.go:123.92,125.2 1 0
tydic.io/dcloud-dhcp-controller/pkg/metrics/metrics.go:127.94,130.2 2 0
tydic.io/dcloud-dhcp-controller/pkg/metrics/metrics.go:132.74,133.15 1 0
tydic.io/dcloud-dhcp-controller/pkg/metrics/metrics.go:133.15,135.3 1 0
tydic.io/dcloud-dhcp-controller/pkg/metrics/metrics.go:135.8,137.3 1 0
tydic.io/dcloud-dhcp-controller/pkg/metrics/metrics.go:140.92,142.2 1 0
tydic.io/dcloud-dhcp-controller/pkg/metrics/metrics.go:144.134,147.16 2 0
tydic.io/dcloud-dhcp-controller/pkg/metrics/metrics.go:147.16,150.3 2 0
tydic.io/dcloud-dhcp-controller/pkg/metrics/metrics.go:151.2,151.65 1 0
tydic.io/dcloud-dhcp-controller/pkg/metrics/metrics.go:151.65,151.101 1 0
tydic.io/dcloud-dhcp-controller/pkg/metrics/metrics.go:152.2,152.15 1 0
tydic.io/dcloud-dhcp-controller/pkg/metrics/metrics.go:152.15,154.3 1 0
tydic.io/dcloud-dhcp-controller/pkg/metrics/metrics.go:155.2,157.48 3 0
tydic.io/dcloud-dhcp-controller/pkg/metrics/metrics.go:157.48,158.85 1 0
tydic.io/dcloud-dhcp-controller/pkg/metrics/metrics.go:158.85,160.4 1 0
tydic.io/dcloud-dhcp-controller/pkg/metrics/metrics.go:161.3,161.15 1 0
tydic.io/dcloud-dhcp-controller/pkg/metrics/metrics.go:161.15,162.12 1 0
tydic.io/dcloud-dhcp-controller/pkg/metrics/metrics.go:164.3,165.86 2 0
tydic.io/dcloud-dhcp-controller/pkg/metrics/metrics.go:165.86,168.4 2 0
tydic.io/dcloud-dhcp-controller/pkg/metrics/metrics.go:169.3,169.15 1 0
tydic.io/dcloud-dhcp-controller/pkg/metrics/metrics.go:169.15,171.4 1 0
tydic.io/dcloud-dhcp-controller/pkg/metrics/metrics.go:173.2,173.33 1 0
tydic.io/dcloud-dhcp-controller/pkg/metrics/metrics.go:173.33,175.3 1 0
tydic.io/dcloud-dhcp-controller/pkg/metrics/metrics.go:178.53,182.16 3 0
tydic.io/dcloud-dhcp-controller/pkg/metrics/metrics.go:182.16,184.3 1 0
tydic.io/dcloud-dhcp-controller/pkg/metrics/metrics.go:185.2,192.12 3 0
tydic.io/dcloud-dhcp-controller/pkg/metrics/metrics.go:192.12,195.3 2 0
tydic.io/dcloud-dhcp-controller/pkg/metrics/metrics.go:197.2,197.62 1 0
tydic.io/dcloud-dhcp-controller/pkg/metrics/metrics.go:200.35,202.68 2 0
tydic.io/dcloud-dhcp-controller/pkg/metrics/metrics.go:202.68,204.3 1 0
tydic.io/dcloud-dhcp-controller/pkg/metrics/metrics.go:207.30,209.2 1 0
tydic.io/dcloud-dhcp-controller/pkg/dhcp/v4/dhcp.go:55.46,57.2 1 0
tydic.io/dcloud-dhcp-controller/pkg/dhcp/v4/dhcp.go:59.59,78.2 8 0
tydic.io/dcloud-dhcp-controller/pkg/dhcp/v4/dhcp.go:80.66,85.2 4 0
tydic.io/dcloud-dhcp-controller/pkg/dhcp/v4/dhcp.go:87.79,94.8 5 0
tydic.io/dcloud-dhcp-controller/pkg/dhcp/v4/dhcp.go:94.8,96.3 1 0
tydic.io/dcloud-dhcp-controller/pkg/dhcp/v4/dhcp.go:96.8,98.3 1 0
tydic.io/dcloud-dhcp-controller/pkg/dhcp/v4/dhcp.go:100.2,100.8 1 0
tydic.io/dcloud-dhcp-controller/pkg/dhcp/v4/dhcp.go:103.62,107.21 3 0
tydic.io/dcloud-dhcp-controller/pkg/dhcp/v4/dhcp.go:107.21,109.3 1 0
tydic.io/dcloud-dhcp-controller/pkg/dhcp/v4/dhcp.go:111.2,111.39 1 0
tydic.io/dcloud-dhcp-controller/pkg/dhcp/v4/dhcp.go:111.39,114.3 2 0
tydic.io/dcloud-dhcp-controller/pkg/dhcp/v4/dhcp.go:114.8,117.3 2 0
tydic.io/dcloud-dhcp-controller/pkg/dhcp/v4/dhcp.go:119.2,119.12 1 0
tydic.io/dcloud-dhcp-controller/pkg/dhcp/v4/dhcp.go:122.71,127.2 4 0
tydic.io/dcloud-dhcp-controller/pkg/dhcp/v4/dhcp.go:129.90,133.38 4 0
tydic.io/dcloud-dhcp-controller/pkg/dhcp/v4/dhcp.go:133.38,135.3 1 0
tydic.io/dcloud-dhcp-controller/pkg/dhcp/v4/dhcp.go:136.2,137.38 2 0
tydic.io/dcloud-dhcp-controller/pkg/dhcp/v4/dhcp.go:137.38,139.3 1 0
tydic.io/dcloud-dhcp-controller/pkg/dhcp/v4/dhcp.go:140.2,142.41 3 0
tydic.io/dcloud-dhcp-controller/pkg/dhcp/v4/dhcp.go:142.41,144.3 1 0
tydic.io/dcloud-dhcp-controller/pkg/dhcp/v4/dhcp.go:145.2,146.38 2 0
tydic.io/dcloud-dhcp-controller/pkg/dhcp/v4/dhcp.go:146.38,148.3 1 0
tydic.io/dcloud-dhcp-controller/pkg/dhcp/v4/dhcp.go:149.2,150.17 2 0
tydic.io/dcloud-dhcp-controller/pkg/dhcp/v4/dhcp.go:150.17,152.3 1 0
tydic.io/dcloud-dhcp-controller/pkg/dhcp/v4/dhcp.go:153.2,153.44 1 0
tydic.io/dcloud-dhcp-controller/pkg/dhcp/v4/dhcp.go:156.91,160.18 3 0
tydic.io/dcloud-dhcp-controller/pkg/dhcp/v4/dhcp.go:160.18,162.3 1 0
tydic.io/dcloud-dhcp-controller/pkg/dhcp/v4/dhcp.go:164.2,164.18 1 0
tydic.io/dcloud-dhcp-controller/pkg/dhcp/v4/dhcp.go:164.18,166.3 1 0
tydic.io/dcloud-dhcp-controller/pkg/dhcp/v4/dhcp.go:168.2,169.21 2 0
tydic.io/dcloud-dhcp-controller/pkg/dhcp/v4/dhcp.go:169.21,171.3 1 0
tydic.io/dcloud-dhcp-controller/pkg/dhcp/v4/dhcp.go:173.2,173.48 1 0
tydic.io/dcloud-dhcp-controller/pkg/dhcp/v4/dhcp.go:173.48,175.3 1 0
tydic.io/dcloud-dhcp-controller/pkg/dhcp/v4/dhcp.go:177.2,180.44 2 0
tydic.io/dcloud-dhcp-controller/pkg/dhcp/v4/dhcp.go:180.44,182.3 1 0
tydic.io/dcloud-dhcp-controller/pkg/dhcp/v4/dhcp.go:182.8,184.3 1 0
tydic.io/dcloud-dhcp-controller/pkg/dhcp/v4/dhcp.go:186.2,186.44 1 0
tydic.io/dcloud-dhcp-controller/pkg/dhcp/v4/dhcp.go:186.44,188.3 1 0
tydic.io/dcloud-dhcp-controller/pkg/dhcp/v4/dhcp.go:188.8,190.3 1 0
tydic.io/dcloud-dhcp-controller/pkg/dhcp/v4/dhcp.go:193.2,193.50 1 0
tydic.io/dcloud-dhcp-controller/pkg/dhcp/v4/dhcp.go:193.50,195.3 1 0
tydic.io/dcloud-dhcp-controller/pkg/dhcp/v4/dhcp.go:195.8,197.3 1 0
tydic.io/dcloud-dhcp-controller/pkg/dhcp/v4/dhcp.go:199.2,199.47 1 0
tydic.io/dcloud-dhcp-controller/pkg/dhcp/v4/dhcp.go:199.47,201.3 1 0
tydic.io/dcloud-dhcp-controller/pkg/dhcp/v4/dhcp.go:201.8,203.3 1 0
tydic.io/dcloud-dhcp-controller/pkg/dhcp/v4/dhcp.go:205.2,207.12 2 0
tydic.io/dcloud-dhcp-controller/pkg/dhcp/v4/dhcp.go:210.74,214.8 4 0
tydic.io/dcloud-dhcp-controller/pkg/dhcp/v4/dhcp.go:214.8,216.3 1 0
tydic.io/dcloud-dhcp-controller/pkg/dhcp/v4/dhcp.go:217.2,217.16 1 0
tydic.io/dcloud-dhcp-controller/pkg/dhcp/v4/dhcp.go:220.71,224.8 4 0
tydic.io/dcloud-dhcp-controller/pkg/dhcp/v4/dhcp.go:224.8,226.3 1 0
tydic.io/dcloud-dhcp-controller/pkg/dhcp/v4/dhcp.go:227.2,227.16 1 0
tydic.io/dcloud-dhcp-controller/pkg/dhcp/v4/dhcp.go:230.65,234.18 3 0
tydic.io/dcloud-dhcp-controller/pkg/dhcp/v4/dhcp.go:234.18,236.3 1 0
tydic.io/dcloud-dhcp-controller/pkg/dhcp/v4/dhcp.go:238.2,239.9 2 0
tydic.io/dcloud-dhcp-controller/pkg/dhcp/v4/dhcp.go:239.9,242.3 2 0
tydic.io/dcloud-dhcp-controller/pkg/dhcp/v4/dhcp.go:244.2,245.9 2 0
tydic.io/dcloud-dhcp-controller/pkg/dhcp/v4/dhcp.go:245.9,248.3 2 0
tydic.io/dcloud-dhcp-controller/pkg/dhcp/v4/dhcp.go:250.2,251.40 2 0
tydic.io/dcloud-dhcp-controller/pkg/dhcp/v4/dhcp.go:251.40,253.49 2 0
tydic.io/dcloud-dhcp-controller/pkg/dhcp/v4/dhcp.go:253.49,257.4 3 0
tydic.io/dcloud-dhcp-controller/pkg/dhcp/v4/dhcp.go:257.9,257.16 1 0
tydic.io/dcloud-dhcp-controller/pkg/dhcp/v4/dhcp.go:257.16,259.4 1 0
tydic.io/dcloud-dhcp-controller/pkg/dhcp/v4/dhcp.go:261.2,264.43 3 0
tydic.io/dcloud-dhcp-controller/pkg/dhcp/v4/dhcp.go:264.43,266.49 2 0
tydic.io/dcloud-dhcp-controller/pkg/dhcp/v4/dhcp.go:266.49,268.4 1 0
tydic.io/dcloud-dhcp-controller/pkg/dhcp/v4/dhcp.go:268.9,268.16 1 0
tydic.io/dcloud-dhcp-controller/pkg/dhcp/v4/dhcp.go:268.16,270.4 1 0
tydic.io/dcloud-dhcp-controller/pkg/dhcp/v4/dhcp.go:272.2,276.12 3 0
tydic.io/dcloud-dhcp-controller/pkg/dhcp/v4/dhcp.go:279.91,280.14 1 0
tydic.io/dcloud-dhcp-controller/pkg/dhcp/v4/dhcp.go:280.14,283.3 2 0
tydic.io/dcloud-dhcp-controller/pkg/dhcp/v4/dhcp.go:285.2,287.42 2 0
tydic.io/dcloud-dhcp-controller/pkg/dhcp/v4/dhcp.go:287.42,290.3 2 0
tydic.io/dcloud-dhcp-controller/pkg/dhcp/v4/dhcp.go:292.2,293.16 2 0
tydic.io/dcloud-dhcp-controller/pkg/dhcp/v4/dhcp.go:293.16,296.3 2 0
tydic.io/dcloud-dhcp-controller/pkg/dhcp/v4/dhcp.go:298.2,299.34 2 0
tydic.io/dcloud-dhcp-controller/pkg/dhcp/v4/dhcp.go:299.34,302.3 2 0
tydic.io/dcloud-dhcp-controller/pkg/dhcp/v4/dhcp.go:304.2,305.9 2 0
tydic.io/dcloud-dhcp-controller/pkg/dhcp/v4/dhcp.go:305.9,308.3 2 0
tydic.io/dcloud-dhcp-controller/pkg/dhcp/v4/dhcp.go:310.2,333.74 12 0
tydic.io/dcloud-dhcp-controller/pkg/dhcp/v4/dhcp.go:333.74,336.3 1 0
tydic.io/dcloud-dhcp-controller/pkg/dhcp/v4/dhcp.go:337.2,337.25 1 0
tydic.io/dcloud-dhcp-controller/pkg/dhcp/v4/dhcp.go:337.25,339.3 1 0
tydic.io/dcloud-dhcp-controller/pkg/dhcp/v4/dhcp.go:352.2,352.25 1 0
tydic.io/dcloud-dhcp-controller/pkg/dhcp/v4/dhcp.go:352.25,354.3 1 0
tydic.io/dcloud-dhcp-controller/pkg/dhcp/v4/dhcp.go:356.2,358.35 2 0
tydic.io/dcloud-dhcp-controller/pkg/dhcp/v4/dhcp.go:359.34,362.59 3 0
tydic.io/dcloud-dhcp-controller/pkg/dhcp/v4/dhcp.go:363.33,366.57 3 0
tydic.io/dcloud-dhcp-controller/pkg/dhcp/v4/dhcp.go:367.10,369.9 2 0
tydic.io/dcloud-dhcp-controller/pkg/dhcp/v4/dhcp.go:372.2,372.63 1 0
tydic.io/dcloud-dhcp-controller/pkg/dhcp/v4/dhcp.go:372.63,374.3 1 0
tydic.io/dcloud-dhcp-controller/pkg/dhcp/v4/dhcp.go:377.56,382.2 4 0
tydic.io/dcloud-dhcp-controller/pkg/dhcp/v4/dhcp.go:384.53,390.39 4 0
tydic.io/dcloud-dhcp-controller/pkg/dhcp/v4/dhcp.go:390.39,392.3 1 0
tydic.io/dcloud-dhcp-controller/pkg/dhcp/v4/dhcp.go:395.2,401.16 3 0
tydic.io/dcloud-dhcp-controller/pkg/dhcp/v4/dhcp.go:401.16,403.3 1 0
tydic.io/dcloud-dhcp-controller/pkg/dhcp/v4/dhcp.go:405.2,405.12 1 0
tydic.io/dcloud-dhcp-controller/pkg/dhcp/v4/dhcp.go:405.12,407.3 1 0
tydic.io/dcloud-dhcp-controller/pkg/dhcp/v4/dhcp.go:409.2,416.12 3 0
tydic.io/dcloud-dhcp-controller/pkg/dhcp/v4/dhcp.go:416.12,417.10 1 0
tydic.io/dcloud-dhcp-controller/pkg/dhcp/v4/dhcp.go:418.23,419.76 1 0
tydic.io/dcloud-dhcp-controller/pkg/dhcp/v4/dhcp.go:420.21,420.21 0 0
tydic.io/dcloud-dhcp-controller/pkg/dhcp/v4/dhcp.go:424.2,426.12 2 0
tydic.io/dcloud-dhcp-controller/pkg/dhcp/v4/dhcp.go:429.54,436.9 5 0
tydic.io/dcloud-dhcp-controller/pkg/dhcp/v4/dhcp.go:436.9,439.3 2 0
tydic.io/dcloud-dhcp-controller/pkg/dhcp/v4/dhcp.go:441.2,442.50 2 0
tydic.io/dcloud-dhcp-controller/pkg/dhcp/v4/dhcp.go:442.50,444.3 1 0
tydic.io/dcloud-dhcp-controller/pkg/dhcp/v4/dhcp.go:446.2,452.12 4 0
tydic.io/dcloud-dhcp-controller/pkg/controller/subnet/controller.go:48.15,49.140 1 0
tydic.io/dcloud-dhcp-controller/pkg/controller/subnet/controller.go:49.140,52.40 3 0
tydic.io/dcloud-dhcp-controller/pkg/controller/subnet/controller.go:52.40,54.4 1 0
tydic.io/dcloud-dhcp-controller/pkg/controller/subnet/controller.go:55.3,62.94 6 0
tydic.io/dcloud-dhcp-controller/pkg/controller/subnet/controller.go:64.2,81.10 5 0
tydic.io/dcloud-dhcp-controller/pkg/controller/subnet/controller.go:84.53,86.2 1 0
tydic.io/dcloud-dhcp-controller/pkg/controller/subnet/controller.go:88.93,90.2 1 0
tydic.io/dcloud-dhcp-controller/pkg/controller/subnet/controller.go:92.93,94.2 1 0
tydic.io/dcloud-dhcp-controller/pkg/controller/subnet/controller.go:96.67,98.57 2 0
tydic.io/dcloud-dhcp-controller/pkg/controller/subnet/controller.go:98.57,101.3 2 0
tydic.io/dcloud-dhcp-controller/pkg/controller/subnet/controller.go:101.8,101.23 1 0
tydic.io/dcloud-dhcp-controller/pkg/controller/subnet/controller.go:101.23,104.3 2 0
tydic.io/dcloud-dhcp-controller/pkg/controller/subnet/controller.go:106.2,106.25 1 0
tydic.io/dcloud-dhcp-controller/pkg/controller/subnet/controller.go:107.11,109.80 2 0
tydic.io/dcloud-dhcp-controller/pkg/controller/subnet/controller.go:109.80,112.4 2 0
tydic.io/dcloud-dhcp-controller/pkg/controller/subnet/controller.go:113.14,115.80 2 0
tydic.io/dcloud-dhcp-controller/pkg/controller/subnet/controller.go:115.80,118.4 2 0
tydic.io/dcloud-dhcp-controller/pkg/controller/subnet/controller.go:119.14,122.91 2 0
tydic.io/dcloud-dhcp-controller/pkg/controller/subnet/controller.go:122.91,125.4 2 0
tydic.io/dcloud-dhcp-controller/pkg/controller/subnet/controller.go:127.2,127.12 1 0
tydic.io/dcloud-dhcp-controller/pkg/controller/subnet/event_handler.go:16.55,18.31 2 0
tydic.io/dcloud-dhcp-controller/pkg/controller/subnet/event_handler.go:18.31,20.9 2 0
tydic.io/dcloud-dhcp-controller/pkg/controller/subnet/event_handler.go:20.9,22.4 1 0
tydic.io/dcloud-dhcp-controller/pkg/controller/subnet/event_handler.go:24.2,24.17 1 0
tydic.io/dcloud-dhcp-controller/pkg/controller/subnet/event_handler.go:28.58,31.2 2 0
tydic.io/dcloud-dhcp-controller/pkg/controller/subnet/event_handler.go:33.74,35.2 1 0
tydic.io/dcloud-dhcp-controller/pkg/controller/subnet/event_handler.go:37.78,39.2 1 0
tydic.io/dcloud-dhcp-controller/pkg/controller/subnet/event_handler.go:41.75,43.2 1 0
tydic.io/dcloud-dhcp-controller/pkg/controller/subnet/event_handler.go:45.74,48.2 1 0
tydic.io/dcloud-dhcp-controller/pkg/controller/subnet/event_handler.go:50.74,52.2 1 0
tydic.io/dcloud-dhcp-controller/pkg/controller/subnet/event_handler.go:54.77,56.2 1 0
tydic.io/dcloud-dhcp-controller/pkg/controller/subnet/event_handler.go:62.75,64.9 2 0
tydic.io/dcloud-dhcp-controller/pkg/controller/subnet/event_handler.go:64.9,67.3 2 0
tydic.io/dcloud-dhcp-controller/pkg/controller/subnet/event_handler.go:69.2,69.60 1 0
tydic.io/dcloud-dhcp-controller/pkg/controller/subnet/event_handler.go:69.60,71.3 1 0
tydic.io/dcloud-dhcp-controller/pkg/controller/subnet/event_handler.go:74.67,77.18 3 0
tydic.io/dcloud-dhcp-controller/pkg/controller/subnet/event_handler.go:77.18,80.3 2 0
tydic.io/dcloud-dhcp-controller/pkg/controller/subnet/event_handler.go:82.2,82.9 1 0
tydic.io/dcloud-dhcp-controller/pkg/controller/subnet/event_handler.go:83.52,84.38 1 0
tydic.io/dcloud-dhcp-controller/pkg/controller/subnet/event_handler.go:84.38,86.4 1 0
tydic.io/dcloud-dhcp-controller/pkg/controller/subnet/event_handler.go:87.56,88.38 1 0
tydic.io/dcloud-dhcp-controller/pkg/controller/subnet/event_handler.go:88.38,90.4 1 0
tydic.io/dcloud-dhcp-controller/pkg/controller/subnet/event_handler.go:91.3,91.38 1 0
tydic.io/dcloud-dhcp-controller/pkg/controller/subnet/event_handler.go:91.38,93.4 1 0
tydic.io/dcloud-dhcp-controller/pkg/controller/subnet/event_handler.go:94.53,95.38 1 0
tydic.io/dcloud-dhcp-controller/pkg/controller/subnet/event_handler.go:95.38,97.4 1 0
tydic.io/dcloud-dhcp-controller/pkg/controller/subnet/event_handler.go:100.48,101.38 1 0
tydic.io/dcloud-dhcp-controller/pkg/controller/subnet/event_handler.go:101.38,103.4 1 0
tydic.io/dcloud-dhcp-controller/pkg/controller/subnet/event_handler.go:107.56,108.25 1 0
tydic.io/dcloud-dhcp-controller/pkg/controller/subnet/event_handler.go:109.38,111.10 2 0
tydic.io/dcloud-dhcp-controller/pkg/controller/subnet/event_handler.go:111.10,114.4 2 0
tydic.io/dcloud-dhcp-controller/pkg/controller/subnet/event_handler.go:115.3,115.35 1 0
tydic.io/dcloud-dhcp-controller/pkg/controller/subnet/event_handler.go:115.35,117.4 1 0
tydic.io/dcloud-dhcp-controller/pkg/controller/subnet/event_handler.go:118.25,119.30 1 0
tydic.io/dcloud-dhcp-controller/pkg/controller/subnet/event_handler.go:119.30,121.4 1 0
tydic.io/dcloud-dhcp-controller/pkg/controller/subnet/event_handler.go:122.10,123.53 1 0
tydic.io/dcloud-dhcp-controller/pkg/controller/subnet/lister.go:19.66,22.17 3 0
tydic.io/dcloud-dhcp-controller/pkg/controller/subnet/lister.go:22.17,24.4 1 0
tydic.io/dcloud-dhcp-controller/pkg/controller/subnet/lister.go:25.3,26.9 2 0
tydic.io/dcloud-dhcp-controller/pkg/controller/subnet/lister.go:26.9,28.4 1 0
tydic.io/dcloud-dhcp-controller/pkg/controller/subnet/lister.go:29.3,29.21 1 0
tydic.io/dcloud-dhcp-controller/pkg/controller/subnet/lister.go:31.66,34.17 3 0
tydic.io/dcloud-dhcp-controller/pkg/controller/subnet/lister.go:34.17,36.4 1 0
tydic.io/dcloud-dhcp-controller/pkg/controller/subnet/lister.go:37.3,38.9 2 0
tydic.io/dcloud-dhcp-controller/pkg/controller/subnet/lister.go:38.9,40.4 1 0
tydic.io/dcloud-dhcp-controller/pkg/controller/subnet/lister.go:41.3,41.21 1 0
tydic.io/dcloud-dhcp-controller/pkg/controller/subnet/lister.go:64.58,66.2 1 0
tydic.io/dcloud-dhcp-controller/pkg/controller/subnet/lister.go:69.92,70.63 1 0
tydic.io/dcloud-dhcp-controller/pkg/controller/subnet/lister.go:70.63,72.3 1 0
tydic.io/dcloud-dhcp-controller/pkg/controller/subnet/lister.go:73.2,73.17 1 0
tydic.io/dcloud-dhcp-controller/pkg/controller/subnet/lister.go:77.68,79.16 2 0
tydic.io/dcloud-dhcp-controller/pkg/controller/subnet/lister.go:79.16,81.3 1 0
tydic.io/dcloud-dhcp-controller/pkg/controller/subnet/lister.go:82.2,82.13 1 0
tydic.io/dcloud-dhcp-controller/pkg/controller/subnet/lister.go:82.13,84.3 1 0
tydic.io/dcloud-dhcp-controller/pkg/controller/subnet/lister.go:85.2,85.37 1 0
tydic.io/dcloud-dhcp-controller/pkg/controller/subnet/lister.go:89.97,91.16 2 0
tydic.io/dcloud-dhcp-controller/pkg/controller/subnet/lister.go:91.16,93.3 1 0
tydic.io/dcloud-dhcp-controller/pkg/controller/subnet/lister.go:94.2,95.27 2 0
tydic.io/dcloud-dhcp-controller/pkg/controller/subnet/lister.go:95.27,97.3 1 0
tydic.io/dcloud-dhcp-controller/pkg/controller/subnet/lister.go:98.2,98.21 1 0
tydic.io/dcloud-dhcp-controller/pkg/controller/subnet/subnet.go:21.124,23.31 1 0
tydic.io/dcloud-dhcp-controller/pkg/controller/subnet/subnet.go:23.31,26.3 1 0
tydic.io/dcloud-dhcp-controller/pkg/controller/subnet/subnet.go:29.2,34.16 4 0
tydic.io/dcloud-dhcp-controller/pkg/controller/subnet/subnet.go:34.16,37.3 2 0
tydic.io/dcloud-dhcp-controller/pkg/controller/subnet/subnet.go:40.2,43.56 3 0
tydic.io/dcloud-dhcp-controller/pkg/controller/subnet/subnet.go:43.56,45.3 1 0
tydic.io/dcloud-dhcp-controller/pkg/controller/subnet/subnet.go:45.8,45.52 1 0
tydic.io/dcloud-dhcp-controller/pkg/controller/subnet/subnet.go:45.52,48.3 2 0
tydic.io/dcloud-dhcp-controller/pkg/controller/subnet/subnet.go:51.2,51.69 1 0
tydic.io/dcloud-dhcp-controller/pkg/controller/subnet/subnet.go:51.69,54.3 2 0
tydic.io/dcloud-dhcp-controller/pkg/controller/subnet/subnet.go:57.2,57.68 1 0
tydic.io/dcloud-dhcp-controller/pkg/controller/subnet/subnet.go:57.68,61.3 2 0
tydic.io/dcloud-dhcp-controller/pkg/controller/subnet/subnet.go:64.2,69.12 3 0
tydic.io/dcloud-dhcp-controller/pkg/controller/subnet/subnet.go:72.124,74.31 1 0
tydic.io/dcloud-dhcp-controller/pkg/controller/subnet/subnet.go:74.31,77.3 1 0
tydic.io/dcloud-dhcp-controller/pkg/controller/subnet/subnet.go:80.2,85.16 4 0
tydic.io/dcloud-dhcp-controller/pkg/controller/subnet/subnet.go:85.16,88.3 2 0
tydic.io/dcloud-dhcp-controller/pkg/controller/subnet/subnet.go:91.2,94.56 3 0
tydic.io/dcloud-dhcp-controller/pkg/controller/subnet/subnet.go:94.56,96.3 1 0
tydic.io/dcloud-dhcp-controller/pkg/controller/subnet/subnet.go:96.8,96.52 1 0
tydic.io/dcloud-dhcp-controller/pkg/controller/subnet/subnet.go:96.52,99.3 2 0
tydic.io/dcloud-dhcp-controller/pkg/controller/subnet/subnet.go:102.2,102.69 1 0
tydic.io/dcloud-dhcp-controller/pkg/controller/subnet/subnet.go:102.69,105.3 2 0
tydic.io/dcloud-dhcp-controller/pkg/controller/subnet/subnet.go:108.2,108.68 1 0
tydic.io/dcloud-dhcp-controller/pkg/controller/subnet/subnet.go:108.68,112.3 2 0
tydic.io/dcloud-dhcp-controller/pkg/controller/subnet/subnet.go:115.2,120.12 3 0
tydic.io/dcloud-dhcp-controller/pkg/controller/subnet/subnet.go:123.117,125.29 1 0
tydic.io/dcloud-dhcp-controller/pkg/controller/subnet/subnet.go:125.29,128.3 2 0
tydic.io/dcloud-dhcp-controller/pkg/controller/subnet/subnet.go:131.2,132.16 2 0
tydic.io/dcloud-dhcp-controller/pkg/controller/subnet/subnet.go:132.16,135.3 2 0
tydic.io/dcloud-dhcp-controller/pkg/controller/subnet/subnet.go:138.2,138.73 1 0
tydic.io/dcloud-dhcp-controller/pkg/controller/subnet/subnet.go:138.73,141.3 2 0
tydic.io/dcloud-dhcp-controller/pkg/controller/subnet/subnet.go:144.2,144.73 1 0
tydic.io/dcloud-dhcp-controller/pkg/controller/subnet/subnet.go:144.73,147.3 2 0
tydic.io/dcloud-dhcp-controller/pkg/controller/subnet/subnet.go:150.2,156.12 3 0
tydic.io/dcloud-dhcp-controller/pkg/controller/subnet/subnet.go:160.52,165.33 5 0
tydic.io/dcloud-dhcp-controller/pkg/controller/subnet/subnet.go:165.33,166.79 1 0
tydic.io/dcloud-dhcp-controller/pkg/controller/subnet/subnet.go:166.79,171.4 1 0
tydic.io/dcloud-dhcp-controller/pkg/controller/subnet/subnet.go:173.2,173.36 1 0
tydic.io/dcloud-dhcp-controller/pkg/controller/subnet/subnet.go:173.36,175.3 1 0
tydic.io/dcloud-dhcp-controller/pkg/controller/subnet/subnet.go:178.146,181.16 2 0
tydic.io/dcloud-dhcp-controller/pkg/controller/subnet/subnet.go:181.16,184.3 2 0
tydic.io/dcloud-dhcp-controller/pkg/controller/subnet/subnet.go:187.2,188.16 2 0
tydic.io/dcloud-dhcp-controller/pkg/controller/subnet/subnet.go:188.16,191.3 2 0
tydic.io/dcloud-dhcp-controller/pkg/controller/subnet/subnet.go:194.2,195.16 2 0
tydic.io/dcloud-dhcp-controller/pkg/controller/subnet/subnet.go:195.16,198.3 2 0
tydic.io/dcloud-dhcp-controller/pkg/controller/subnet/subnet.go:201.2,206.12 3 0
tydic.io/dcloud-dhcp-controller/pkg/controller/subnet/subnet.go:209.54,210.28 1 0
tydic.io/dcloud-dhcp-controller/pkg/controller/subnet/subnet.go:210.28,213.3 2 0
tydic.io/dcloud-dhcp-controller/pkg/controller/subnet/subnet.go:214.2,214.14 1 0
tydic.io/dcloud-dhcp-controller/pkg/controller/subnet/subnet.go:217.54,218.28 1 0
tydic.io/dcloud-dhcp-controller/pkg/controller/subnet/subnet.go:218.28,221.3 2 0
tydic.io/dcloud-dhcp-controller/pkg/controller/subnet/subnet.go:222.2,222.14 1 0
tydic.io/dcloud-dhcp-controller/pkg/controller/subnet/subnet.go:225.135,231.16 3 0
tydic.io/dcloud-dhcp-controller/pkg/controller/subnet/subnet.go:231.16,233.3 1 0
tydic.io/dcloud-dhcp-controller/pkg/controller/subnet/subnet.go:235.2,235.76 1 0
tydic.io/dcloud-dhcp-controller/pkg/controller/subnet/subnet.go:235.76,237.3 1 0
tydic.io/dcloud-dhcp-controller/pkg/controller/subnet/subnet.go:239.2,241.11 2 0
tydic.io/dcloud-dhcp-controller/pkg/controller/subnet/subnet.go:241.11,243.16 2 0
tydic.io/dcloud-dhcp-controller/pkg/controller/subnet/subnet.go:243.16,245.4 1 0
tydic.io/dcloud-dhcp-controller/pkg/controller/subnet/subnet.go:246.3,246.13 1 0
tydic.io/dcloud-dhcp-controller/pkg/controller/subnet/subnet.go:250.2,250.53 1 0
tydic.io/dcloud-dhcp-controller/pkg/controller/subnet/subnet.go:250.53,251.69 1 0
tydic.io/dcloud-dhcp-controller/pkg/controller/subnet/subnet.go:251.69,253.4 1 0
tydic.io/dcloud-dhcp-controller/pkg/controller/subnet/subnet.go:254.3,254.16 1 0
tydic.io/dcloud-dhcp-controller/pkg/controller/subnet/subnet.go:254.16,256.4 1 0
tydic.io/dcloud-dhcp-controller/pkg/controller/subnet/subnet.go:260.2,263.12 3 0
tydic.io/dcloud-dhcp-controller/pkg/controller/subnet/subnet.go:266.135,272.16 3 0
tydic.io/dcloud-dhcp-controller/pkg/controller/subnet/subnet.go:272.16,274.3 1 0
tydic.io/dcloud-dhcp-controller/pkg/controller/subnet/subnet.go:276.2,276.76 1 0
tydic.io/dcloud-dhcp-controller/pkg/controller/subnet/subnet.go:276.76,278.3 1 0
tydic.io/dcloud-dhcp-controller/pkg/controller/subnet/subnet.go:280.2,282.11 2 0
tydic.io/dcloud-dhcp-controller/pkg/controller/subnet/subnet.go:282.11,284.16 2 0
tydic.io/dcloud-dhcp-controller/pkg/controller/subnet/subnet.go:284.16,286.4 1 0
tydic.io/dcloud-dhcp-controller/pkg/controller/subnet/subnet.go:287.3,287.13 1 0
tydic.io/dcloud-dhcp-controller/pkg/controller/subnet/subnet.go:291.2,291.53 1 0
tydic.io/dcloud-dhcp-controller/pkg/controller/subnet/subnet.go:291.53,292.69 1 0
tydic.io/dcloud-dhcp-controller/pkg/controller/subnet/subnet.go:292.69,294.4 1 0
tydic.io/dcloud-dhcp-controller/pkg/controller/subnet/subnet.go:295.3,295.16 1 0
tydic.io/dcloud-dhcp-controller/pkg/controller/subnet/subnet.go:295.16,297.4 1 0
tydic.io/dcloud-dhcp-controller/pkg/controller/subnet/subnet.go:301.2,304.12 3 0
tydic.io/dcloud-dhcp-controller/pkg/controller/subnet/subnet.go:307.130,309.21 2 0
tydic.io/dcloud-dhcp-controller/pkg/controller/subnet/subnet.go:309.21,311.3 1 0
tydic.io/dcloud-dhcp-controller/pkg/controller/subnet/subnet.go:312.2,314.9 3 0
tydic.io/dcloud-dhcp-controller/pkg/controller/subnet/subnet.go:314.9,316.3 1 0
tydic.io/dcloud-dhcp-controller/pkg/controller/subnet/subnet.go:317.2,317.27 1 0
tydic.io/dcloud-dhcp-controller/pkg/controller/subnet/types.go:23.35,25.2 1 0
tydic.io/dcloud-dhcp-controller/pkg/controller/subnet/types.go:27.78,36.2 1 0
tydic.io/dcloud-dhcp-controller/pkg/dhcp/v4/dhcp.go:55.46,57.2 1 0
tydic.io/dcloud-dhcp-controller/pkg/dhcp/v4/dhcp.go:59.59,78.2 8 0
tydic.io/dcloud-dhcp-controller/pkg/dhcp/v4/dhcp.go:80.66,85.2 4 0
tydic.io/dcloud-dhcp-controller/pkg/dhcp/v4/dhcp.go:87.79,94.8 5 0
tydic.io/dcloud-dhcp-controller/pkg/dhcp/v4/dhcp.go:94.8,96.3 1 0
tydic.io/dcloud-dhcp-controller/pkg/dhcp/v4/dhcp.go:96.8,98.3 1 0
tydic.io/dcloud-dhcp-controller/pkg/dhcp/v4/dhcp.go:100.2,100.8 1 0
tydic.io/dcloud-dhcp-controller/pkg/dhcp/v4/dhcp.go:103.62,107.21 3 0
tydic.io/dcloud-dhcp-controller/pkg/dhcp/v4/dhcp.go:107.21,109.3 1 0
tydic.io/dcloud-dhcp-controller/pkg/dhcp/v4/dhcp.go:111.2,111.39 1 0
tydic.io/dcloud-dhcp-controller/pkg/dhcp/v4/dhcp.go:111.39,114.3 2 0
tydic.io/dcloud-dhcp-controller/pkg/dhcp/v4/dhcp.go:114.8,117.3 2 0
tydic.io/dcloud-dhcp-controller/pkg/dhcp/v4/dhcp.go:119.2,119.12 1 0
tydic.io/dcloud-dhcp-controller/pkg/dhcp/v4/dhcp.go:122.71,127.2 4 0
tydic.io/dcloud-dhcp-controller/pkg/dhcp/v4/dhcp.go:129.90,133.38 4 0
tydic.io/dcloud-dhcp-controller/pkg/dhcp/v4/dhcp.go:133.38,135.3 1 0
tydic.io/dcloud-dhcp-controller/pkg/dhcp/v4/dhcp.go:136.2,137.38 2 0
tydic.io/dcloud-dhcp-controller/pkg/dhcp/v4/dhcp.go:137.38,139.3 1 0
tydic.io/dcloud-dhcp-controller/pkg/dhcp/v4/dhcp.go:140.2,142.41 3 0
tydic.io/dcloud-dhcp-controller/pkg/dhcp/v4/dhcp.go:142.41,144.3 1 0
tydic.io/dcloud-dhcp-controller/pkg/dhcp/v4/dhcp.go:145.2,146.38 2 0
tydic.io/dcloud-dhcp-controller/pkg/dhcp/v4/dhcp.go:146.38,148.3 1 0
tydic.io/dcloud-dhcp-controller/pkg/dhcp/v4/dhcp.go:149.2,150.17 2 0
tydic.io/dcloud-dhcp-controller/pkg/dhcp/v4/dhcp.go:150.17,152.3 1 0
tydic.io/dcloud-dhcp-controller/pkg/dhcp/v4/dhcp.go:153.2,153.44 1 0
tydic.io/dcloud-dhcp-controller/pkg/dhcp/v4/dhcp.go:156.91,160.18 3 0
tydic.io/dcloud-dhcp-controller/pkg/dhcp/v4/dhcp.go:160.18,162.3 1 0
tydic.io/dcloud-dhcp-controller/pkg/dhcp/v4/dhcp.go:164.2,164.18 1 0
tydic.io/dcloud-dhcp-controller/pkg/dhcp/v4/dhcp.go:164.18,166.3 1 0
tydic.io/dcloud-dhcp-controller/pkg/dhcp/v4/dhcp.go:168.2,169.21 2 0
tydic.io/dcloud-dhcp-controller/pkg/dhcp/v4/dhcp.go:169.21,171.3 1 0
tydic.io/dcloud-dhcp-controller/pkg/dhcp/v4/dhcp.go:173.2,173.48 1 0
tydic.io/dcloud-dhcp-controller/pkg/dhcp/v4/dhcp.go:173.48,175.3 1 0
tydic.io/dcloud-dhcp-controller/pkg/dhcp/v4/dhcp.go:177.2,180.44 2 0
tydic.io/dcloud-dhcp-controller/pkg/dhcp/v4/dhcp.go:180.44,182.3 1 0
tydic.io/dcloud-dhcp-controller/pkg/dhcp/v4/dhcp.go:182.8,184.3 1 0
tydic.io/dcloud-dhcp-controller/pkg/dhcp/v4/dhcp.go:186.2,186.44 1 0
tydic.io/dcloud-dhcp-controller/pkg/dhcp/v4/dhcp.go:186.44,188.3 1 0
tydic.io/dcloud-dhcp-controller/pkg/dhcp/v4/dhcp.go:188.8,190.3 1 0
tydic.io/dcloud-dhcp-controller/pkg/dhcp/v4/dhcp.go:193.2,193.50 1 0
tydic.io/dcloud-dhcp-controller/pkg/dhcp/v4/dhcp.go:193.50,195.3 1 0
tydic.io/dcloud-dhcp-controller/pkg/dhcp/v4/dhcp.go:195.8,197.3 1 0
tydic.io/dcloud-dhcp-controller/pkg/dhcp/v4/dhcp.go:199.2,199.47 1 0
tydic.io/dcloud-dhcp-controller/pkg/dhcp/v4/dhcp.go:199.47,201.3 1 0
tydic.io/dcloud-dhcp-controller/pkg/dhcp/v4/dhcp.go:201.8,203.3 1 0
tydic.io/dcloud-dhcp-controller/pkg/dhcp/v4/dhcp.go:205.2,207.12 2 0
tydic.io/dcloud-dhcp-controller/pkg/dhcp/v4/dhcp.go:210.74,214.8 4 0
tydic.io/dcloud-dhcp-controller/pkg/dhcp/v4/dhcp.go:214.8,216.3 1 0
tydic.io/dcloud-dhcp-controller/pkg/dhcp/v4/dhcp.go:217.2,217.16 1 0
tydic.io/dcloud-dhcp-controller/pkg/dhcp/v4/dhcp.go:220.71,224.8 4 0
tydic.io/dcloud-dhcp-controller/pkg/dhcp/v4/dhcp.go:224.8,226.3 1 0
tydic.io/dcloud-dhcp-controller/pkg/dhcp/v4/dhcp.go:227.2,227.16 1 0
tydic.io/dcloud-dhcp-controller/pkg/dhcp/v4/dhcp.go:230.65,234.18 3 0
tydic.io/dcloud-dhcp-controller/pkg/dhcp/v4/dhcp.go:234.18,236.3 1 0
tydic.io/dcloud-dhcp-controller/pkg/dhcp/v4/dhcp.go:238.2,239.9 2 0
tydic.io/dcloud-dhcp-controller/pkg/dhcp/v4/dhcp.go:239.9,242.3 2 0
tydic.io/dcloud-dhcp-controller/pkg/dhcp/v4/dhcp.go:244.2,245.9 2 0
tydic.io/dcloud-dhcp-controller/pkg/dhcp/v4/dhcp.go:245.9,248.3 2 0
tydic.io/dcloud-dhcp-controller/pkg/dhcp/v4/dhcp.go:250.2,251.40 2 0
tydic.io/dcloud-dhcp-controller/pkg/dhcp/v4/dhcp.go:251.40,253.49 2 0
tydic.io/dcloud-dhcp-controller/pkg/dhcp/v4/dhcp.go:253.49,257.4 3 0
tydic.io/dcloud-dhcp-controller/pkg/dhcp/v4/dhcp.go:257.9,257.16 1 0
tydic.io/dcloud-dhcp-controller/pkg/dhcp/v4/dhcp.go:257.16,259.4 1 0
tydic.io/dcloud-dhcp-controller/pkg/dhcp/v4/dhcp.go:261.2,264.43 3 0
tydic.io/dcloud-dhcp-controller/pkg/dhcp/v4/dhcp.go:264.43,266.49 2 0
tydic.io/dcloud-dhcp-controller/pkg/dhcp/v4/dhcp.go:266.49,268.4 1 0
tydic.io/dcloud-dhcp-controller/pkg/dhcp/v4/dhcp.go:268.9,268.16 1 0
tydic.io/dcloud-dhcp-controller/pkg/dhcp/v4/dhcp.go:268.16,270.4 1 0
tydic.io/dcloud-dhcp-controller/pkg/dhcp/v4/dhcp.go:272.2,276.12 3 0
tydic.io/dcloud-dhcp-controller/pkg/dhcp/v4/dhcp.go:279.91,280.14 1 0
tydic.io/dcloud-dhcp-controller/pkg/dhcp/v4/dhcp.go:280.14,283.3 2 0
tydic.io/dcloud-dhcp-controller/pkg/dhcp/v4/dhcp.go:285.2,287.42 2 0
tydic.io/dcloud-dhcp-controller/pkg/dhcp/v4/dhcp.go:287.42,290.3 2 0
tydic.io/dcloud-dhcp-controller/pkg/dhcp/v4/dhcp.go:292.2,293.16 2 0
tydic.io/dcloud-dhcp-controller/pkg/dhcp/v4/dhcp.go:293.16,296.3 2 0
tydic.io/dcloud-dhcp-controller/pkg/dhcp/v4/dhcp.go:298.2,299.34 2 0
tydic.io/dcloud-dhcp-controller/pkg/dhcp/v4/dhcp.go:299.34,302.3 2 0
tydic.io/dcloud-dhcp-controller/pkg/dhcp/v4/dhcp.go:304.2,305.9 2 0
tydic.io/dcloud-dhcp-controller/pkg/dhcp/v4/dhcp.go:305.9,308.3 2 0
tydic.io/dcloud-dhcp-controller/pkg/dhcp/v4/dhcp.go:310.2,333.74 12 0
tydic.io/dcloud-dhcp-controller/pkg/dhcp/v4/dhcp.go:333.74,336.3 1 0
tydic.io/dcloud-dhcp-controller/pkg/dhcp/v4/dhcp.go:337.2,337.25 1 0
tydic.io/dcloud-dhcp-controller/pkg/dhcp/v4/dhcp.go:337.25,339.3 1 0
tydic.io/dcloud-dhcp-controller/pkg/dhcp/v4/dhcp.go:352.2,352.25 1 0
tydic.io/dcloud-dhcp-controller/pkg/dhcp/v4/dhcp.go:352.25,354.3 1 0
tydic.io/dcloud-dhcp-controller/pkg/dhcp/v4/dhcp.go:356.2,358.35 2 0
tydic.io/dcloud-dhcp-controller/pkg/dhcp/v4/dhcp.go:359.34,362.59 3 0
tydic.io/dcloud-dhcp-controller/pkg/dhcp/v4/dhcp.go:363.33,366.57 3 0
tydic.io/dcloud-dhcp-controller/pkg/dhcp/v4/dhcp.go:367.10,369.9 2 0
tydic.io/dcloud-dhcp-controller/pkg/dhcp/v4/dhcp.go:372.2,372.63 1 0
tydic.io/dcloud-dhcp-controller/pkg/dhcp/v4/dhcp.go:372.63,374.3 1 0
tydic.io/dcloud-dhcp-controller/pkg/dhcp/v4/dhcp.go:377.56,382.2 4 0
tydic.io/dcloud-dhcp-controller/pkg/dhcp/v4/dhcp.go:384.53,390.39 4 0
tydic.io/dcloud-dhcp-controller/pkg/dhcp/v4/dhcp.go:390.39,392.3 1 0
tydic.io/dcloud-dhcp-controller/pkg/dhcp/v4/dhcp.go:395.2,401.16 3 0
tydic.io/dcloud-dhcp-controller/pkg/dhcp/v4/dhcp.go:401.16,403.3 1 0
tydic.io/dcloud-dhcp-controller/pkg/dhcp/v4/dhcp.go:405.2,405.12 1 0
tydic.io/dcloud-dhcp-controller/pkg/dhcp/v4/dhcp.go:405.12,407.3 1 0
tydic.io/dcloud-dhcp-controller/pkg/dhcp/v4/dhcp.go:409.2,416.12 3 0
tydic.io/dcloud-dhcp-controller/pkg/dhcp/v4/dhcp.go:416.12,417.10 1 0
tydic.io/dcloud-dhcp-controller/pkg/dhcp/v4/dhcp.go:418.23,419.76 1 0
tydic.io/dcloud-dhcp-controller/pkg/dhcp/v4/dhcp.go:420.21,420.21 0 0
tydic.io/dcloud-dhcp-controller/pkg/dhcp/v4/dhcp.go:424.2,426.12 2 0
tydic.io/dcloud-dhcp-controller/pkg/dhcp/v4/dhcp.go:429.54,436.9 5 0
tydic.io/dcloud-dhcp-controller/pkg/dhcp/v4/dhcp.go:436.9,439.3 2 0
tydic.io/dcloud-dhcp-controller/pkg/dhcp/v4/dhcp.go:441.2,442.50 2 0
tydic.io/dcloud-dhcp-controller/pkg/dhcp/v4/dhcp.go:442.50,444.3 1 0
tydic.io/dcloud-dhcp-controller/pkg/dhcp/v4/dhcp.go:446.2,452.12 4 0
tydic.io/dcloud-dhcp-controller/pkg/dhcp/v6/dhcp.go:53.46,55.2 1 0
tydic.io/dcloud-dhcp-controller/pkg/dhcp/v6/dhcp.go:57.59,76.2 8 0
tydic.io/dcloud-dhcp-controller/pkg/dhcp/v6/dhcp.go:78.66,83.2 4 0
tydic.io/dcloud-dhcp-controller/pkg/dhcp/v6/dhcp.go:85.79,92.8 5 0
tydic.io/dcloud-dhcp-controller/pkg/dhcp/v6/dhcp.go:92.8,94.3 1 0
tydic.io/dcloud-dhcp-controller/pkg/dhcp/v6/dhcp.go:94.8,96.3 1 0
tydic.io/dcloud-dhcp-controller/pkg/dhcp/v6/dhcp.go:98.2,98.8 1 0
tydic.io/dcloud-dhcp-controller/pkg/dhcp/v6/dhcp.go:101.62,105.21 3 0
tydic.io/dcloud-dhcp-controller/pkg/dhcp/v6/dhcp.go:105.21,107.3 1 0
tydic.io/dcloud-dhcp-controller/pkg/dhcp/v6/dhcp.go:109.2,109.39 1 0
tydic.io/dcloud-dhcp-controller/pkg/dhcp/v6/dhcp.go:109.39,112.3 2 0
tydic.io/dcloud-dhcp-controller/pkg/dhcp/v6/dhcp.go:112.8,115.3 2 0
tydic.io/dcloud-dhcp-controller/pkg/dhcp/v6/dhcp.go:116.2,116.12 1 0
tydic.io/dcloud-dhcp-controller/pkg/dhcp/v6/dhcp.go:119.71,124.2 4 0
tydic.io/dcloud-dhcp-controller/pkg/dhcp/v6/dhcp.go:126.90,130.38 4 0
tydic.io/dcloud-dhcp-controller/pkg/dhcp/v6/dhcp.go:130.38,132.3 1 0
tydic.io/dcloud-dhcp-controller/pkg/dhcp/v6/dhcp.go:133.2,134.38 2 0
tydic.io/dcloud-dhcp-controller/pkg/dhcp/v6/dhcp.go:134.38,136.3 1 0
tydic.io/dcloud-dhcp-controller/pkg/dhcp/v6/dhcp.go:137.2,139.41 3 0
tydic.io/dcloud-dhcp-controller/pkg/dhcp/v6/dhcp.go:139.41,141.3 1 0
tydic.io/dcloud-dhcp-controller/pkg/dhcp/v6/dhcp.go:142.2,143.38 2 0
tydic.io/dcloud-dhcp-controller/pkg/dhcp/v6/dhcp.go:143.38,145.3 1 0
tydic.io/dcloud-dhcp-controller/pkg/dhcp/v6/dhcp.go:146.2,147.17 2 0
tydic.io/dcloud-dhcp-controller/pkg/dhcp/v6/dhcp.go:147.17,149.3 1 0
tydic.io/dcloud-dhcp-controller/pkg/dhcp/v6/dhcp.go:150.2,150.44 1 0
tydic.io/dcloud-dhcp-controller/pkg/dhcp/v6/dhcp.go:153.91,157.18 3 0
tydic.io/dcloud-dhcp-controller/pkg/dhcp/v6/dhcp.go:157.18,159.3 1 0
tydic.io/dcloud-dhcp-controller/pkg/dhcp/v6/dhcp.go:161.2,161.18 1 0
tydic.io/dcloud-dhcp-controller/pkg/dhcp/v6/dhcp.go:161.18,163.3 1 0
tydic.io/dcloud-dhcp-controller/pkg/dhcp/v6/dhcp.go:165.2,166.21 2 0
tydic.io/dcloud-dhcp-controller/pkg/dhcp/v6/dhcp.go:166.21,168.3 1 0
tydic.io/dcloud-dhcp-controller/pkg/dhcp/v6/dhcp.go:170.2,170.48 1 0
tydic.io/dcloud-dhcp-controller/pkg/dhcp/v6/dhcp.go:170.48,172.3 1 0
tydic.io/dcloud-dhcp-controller/pkg/dhcp/v6/dhcp.go:174.2,177.44 2 0
tydic.io/dcloud-dhcp-controller/pkg/dhcp/v6/dhcp.go:177.44,179.3 1 0
tydic.io/dcloud-dhcp-controller/pkg/dhcp/v6/dhcp.go:179.8,181.3 1 0
tydic.io/dcloud-dhcp-controller/pkg/dhcp/v6/dhcp.go:183.2,183.44 1 0
tydic.io/dcloud-dhcp-controller/pkg/dhcp/v6/dhcp.go:183.44,185.3 1 0
tydic.io/dcloud-dhcp-controller/pkg/dhcp/v6/dhcp.go:185.8,187.3 1 0
tydic.io/dcloud-dhcp-controller/pkg/dhcp/v6/dhcp.go:190.2,190.50 1 0
tydic.io/dcloud-dhcp-controller/pkg/dhcp/v6/dhcp.go:190.50,192.3 1 0
tydic.io/dcloud-dhcp-controller/pkg/dhcp/v6/dhcp.go:192.8,194.3 1 0
tydic.io/dcloud-dhcp-controller/pkg/dhcp/v6/dhcp.go:196.2,196.47 1 0
tydic.io/dcloud-dhcp-controller/pkg/dhcp/v6/dhcp.go:196.47,198.3 1 0
tydic.io/dcloud-dhcp-controller/pkg/dhcp/v6/dhcp.go:198.8,200.3 1 0
tydic.io/dcloud-dhcp-controller/pkg/dhcp/v6/dhcp.go:202.2,204.12 2 0
tydic.io/dcloud-dhcp-controller/pkg/dhcp/v6/dhcp.go:207.74,211.8 4 0
tydic.io/dcloud-dhcp-controller/pkg/dhcp/v6/dhcp.go:211.8,213.3 1 0
tydic.io/dcloud-dhcp-controller/pkg/dhcp/v6/dhcp.go:214.2,214.16 1 0
tydic.io/dcloud-dhcp-controller/pkg/dhcp/v6/dhcp.go:217.71,221.8 4 0
tydic.io/dcloud-dhcp-controller/pkg/dhcp/v6/dhcp.go:221.8,223.3 1 0
tydic.io/dcloud-dhcp-controller/pkg/dhcp/v6/dhcp.go:224.2,224.16 1 0
tydic.io/dcloud-dhcp-controller/pkg/dhcp/v6/dhcp.go:227.65,231.18 3 0
tydic.io/dcloud-dhcp-controller/pkg/dhcp/v6/dhcp.go:231.18,233.3 1 0
tydic.io/dcloud-dhcp-controller/pkg/dhcp/v6/dhcp.go:235.2,236.9 2 0
tydic.io/dcloud-dhcp-controller/pkg/dhcp/v6/dhcp.go:236.9,239.3 2 0
tydic.io/dcloud-dhcp-controller/pkg/dhcp/v6/dhcp.go:241.2,242.9 2 0
tydic.io/dcloud-dhcp-controller/pkg/dhcp/v6/dhcp.go:242.9,245.3 2 0
tydic.io/dcloud-dhcp-controller/pkg/dhcp/v6/dhcp.go:247.2,248.40 2 0
tydic.io/dcloud-dhcp-controller/pkg/dhcp/v6/dhcp.go:248.40,250.49 2 0
tydic.io/dcloud-dhcp-controller/pkg/dhcp/v6/dhcp.go:250.49,254.4 3 0
tydic.io/dcloud-dhcp-controller/pkg/dhcp/v6/dhcp.go:254.9,254.16 1 0
tydic.io/dcloud-dhcp-controller/pkg/dhcp/v6/dhcp.go:254.16,256.4 1 0
tydic.io/dcloud-dhcp-controller/pkg/dhcp/v6/dhcp.go:258.2,261.43 3 0
tydic.io/dcloud-dhcp-controller/pkg/dhcp/v6/dhcp.go:261.43,263.49 2 0
tydic.io/dcloud-dhcp-controller/pkg/dhcp/v6/dhcp.go:263.49,265.4 1 0
tydic.io/dcloud-dhcp-controller/pkg/dhcp/v6/dhcp.go:265.9,265.16 1 0
tydic.io/dcloud-dhcp-controller/pkg/dhcp/v6/dhcp.go:265.16,267.4 1 0
tydic.io/dcloud-dhcp-controller/pkg/dhcp/v6/dhcp.go:269.2,273.12 3 0
tydic.io/dcloud-dhcp-controller/pkg/dhcp/v6/dhcp.go:276.90,278.14 1 0
tydic.io/dcloud-dhcp-controller/pkg/dhcp/v6/dhcp.go:278.14,281.3 2 0
tydic.io/dcloud-dhcp-controller/pkg/dhcp/v6/dhcp.go:283.2,286.16 3 0
tydic.io/dcloud-dhcp-controller/pkg/dhcp/v6/dhcp.go:286.16,289.3 2 0
tydic.io/dcloud-dhcp-controller/pkg/dhcp/v6/dhcp.go:291.2,292.16 2 0
tydic.io/dcloud-dhcp-controller/pkg/dhcp/v6/dhcp.go:292.16,295.3 2 0
tydic.io/dcloud-dhcp-controller/pkg/dhcp/v6/dhcp.go:297.2,298.34 2 0
tydic.io/dcloud-dhcp-controller/pkg/dhcp/v6/dhcp.go:298.34,301.3 2 0
tydic.io/dcloud-dhcp-controller/pkg/dhcp/v6/dhcp.go:303.2,304.9 2 0
tydic.io/dcloud-dhcp-controller/pkg/dhcp/v6/dhcp.go:304.9,307.3 2 0
tydic.io/dcloud-dhcp-controller/pkg/dhcp/v6/dhcp.go:309.2,333.25 4 0
tydic.io/dcloud-dhcp-controller/pkg/dhcp/v6/dhcp.go:333.25,335.3 1 0
tydic.io/dcloud-dhcp-controller/pkg/dhcp/v6/dhcp.go:336.2,336.25 1 0
tydic.io/dcloud-dhcp-controller/pkg/dhcp/v6/dhcp.go:336.25,339.3 2 0
tydic.io/dcloud-dhcp-controller/pkg/dhcp/v6/dhcp.go:347.2,349.25 2 0
tydic.io/dcloud-dhcp-controller/pkg/dhcp/v6/dhcp.go:350.33,351.56 1 0
tydic.io/dcloud-dhcp-controller/pkg/dhcp/v6/dhcp.go:351.56,355.4 3 0
tydic.io/dcloud-dhcp-controller/pkg/dhcp/v6/dhcp.go:355.9,360.4 3 0
tydic.io/dcloud-dhcp-controller/pkg/dhcp/v6/dhcp.go:361.10,364.58 3 0
tydic.io/dcloud-dhcp-controller/pkg/dhcp/v6/dhcp.go:367.2,367.16 1 0
tydic.io/dcloud-dhcp-controller/pkg/dhcp/v6/dhcp.go:367.16,370.3 2 0
tydic.io/dcloud-dhcp-controller/pkg/dhcp/v6/dhcp.go:372.2,373.24 2 0
tydic.io/dcloud-dhcp-controller/pkg/dhcp/v6/dhcp.go:373.24,377.3 3 0
tydic.io/dcloud-dhcp-controller/pkg/dhcp/v6/dhcp.go:379.2,380.16 2 0
tydic.io/dcloud-dhcp-controller/pkg/dhcp/v6/dhcp.go:380.16,382.3 1 0
tydic.io/dcloud-dhcp-controller/pkg/dhcp/v6/dhcp.go:385.56,390.2 4 0
tydic.io/dcloud-dhcp-controller/pkg/dhcp/v6/dhcp.go:392.53,398.39 4 0
tydic.io/dcloud-dhcp-controller/pkg/dhcp/v6/dhcp.go:398.39,400.3 1 0
tydic.io/dcloud-dhcp-controller/pkg/dhcp/v6/dhcp.go:402.2,408.16 3 0
tydic.io/dcloud-dhcp-controller/pkg/dhcp/v6/dhcp.go:408.16,410.3 1 0
tydic.io/dcloud-dhcp-controller/pkg/dhcp/v6/dhcp.go:412.2,412.12 1 0
tydic.io/dcloud-dhcp-controller/pkg/dhcp/v6/dhcp.go:412.12,414.3 1 0
tydic.io/dcloud-dhcp-controller/pkg/dhcp/v6/dhcp.go:416.2,423.12 3 0
tydic.io/dcloud-dhcp-controller/pkg/dhcp/v6/dhcp.go:423.12,424.10 1 0
tydic.io/dcloud-dhcp-controller/pkg/dhcp/v6/dhcp.go:425.23,426.76 1 0
tydic.io/dcloud-dhcp-controller/pkg/dhcp/v6/dhcp.go:427.21,427.21 0 0
tydic.io/dcloud-dhcp-controller/pkg/dhcp/v6/dhcp.go:431.2,433.12 2 0
tydic.io/dcloud-dhcp-controller/pkg/dhcp/v6/dhcp.go:436.54,443.9 5 0
tydic.io/dcloud-dhcp-controller/pkg/dhcp/v6/dhcp.go:443.9,446.3 2 0
tydic.io/dcloud-dhcp-controller/pkg/dhcp/v6/dhcp.go:448.2,449.50 2 0
tydic.io/dcloud-dhcp-controller/pkg/dhcp/v6/dhcp.go:449.50,451.3 1 0
tydic.io/dcloud-dhcp-controller/pkg/dhcp/v6/dhcp.go:453.2,459.12 4 0
tydic.io/dcloud-dhcp-controller/pkg/util/file.go:15.39,17.24 2 0
tydic.io/dcloud-dhcp-controller/pkg/util/file.go:17.24,19.3 1 0
tydic.io/dcloud-dhcp-controller/pkg/util/file.go:20.2,20.22 1 0
tydic.io/dcloud-dhcp-controller/pkg/util/file.go:23.73,25.86 2 0
tydic.io/dcloud-dhcp-controller/pkg/util/file.go:25.86,29.3 3 0
tydic.io/dcloud-dhcp-controller/pkg/util/file.go:30.2,30.35 1 0
tydic.io/dcloud-dhcp-controller/pkg/util/file.go:33.80,35.16 2 0
tydic.io/dcloud-dhcp-controller/pkg/util/file.go:35.16,37.3 1 0
tydic.io/dcloud-dhcp-controller/pkg/util/file.go:38.2,40.16 3 0
tydic.io/dcloud-dhcp-controller/pkg/util/file.go:40.16,42.3 1 0
tydic.io/dcloud-dhcp-controller/pkg/util/file.go:43.2,43.30 1 0
tydic.io/dcloud-dhcp-controller/pkg/util/network.go:24.61,28.16 3 0
tydic.io/dcloud-dhcp-controller/pkg/util/network.go:28.16,30.3 1 0
tydic.io/dcloud-dhcp-controller/pkg/util/network.go:31.2,33.21 3 0
tydic.io/dcloud-dhcp-controller/pkg/util/network.go:33.21,35.3 1 0
tydic.io/dcloud-dhcp-controller/pkg/util/network.go:36.2,40.16 4 0
tydic.io/dcloud-dhcp-controller/pkg/util/network.go:40.16,42.3 1 0
tydic.io/dcloud-dhcp-controller/pkg/util/network.go:43.2,44.34 2 0
tydic.io/dcloud-dhcp-controller/pkg/util/network.go:44.34,46.3 1 0
tydic.io/dcloud-dhcp-controller/pkg/util/network.go:47.2,49.71 3 0
tydic.io/dcloud-dhcp-controller/pkg/util/network.go:49.71,50.18 1 0
tydic.io/dcloud-dhcp-controller/pkg/util/network.go:50.18,51.12 1 0
tydic.io/dcloud-dhcp-controller/pkg/util/network.go:53.3,53.20 1 0
tydic.io/dcloud-dhcp-controller/pkg/util/network.go:53.20,55.4 1 0
tydic.io/dcloud-dhcp-controller/pkg/util/network.go:58.2,58.23 1 0
tydic.io/dcloud-dhcp-controller/pkg/util/network.go:58.23,60.26 2 0
tydic.io/dcloud-dhcp-controller/pkg/util/network.go:60.26,62.4 1 0
tydic.io/dcloud-dhcp-controller/pkg/util/network.go:64.2,66.75 3 0
tydic.io/dcloud-dhcp-controller/pkg/util/network.go:66.75,67.18 1 0
tydic.io/dcloud-dhcp-controller/pkg/util/network.go:67.18,68.12 1 0
tydic.io/dcloud-dhcp-controller/pkg/util/network.go:70.3,70.20 1 0
tydic.io/dcloud-dhcp-controller/pkg/util/network.go:70.20,72.12 2 0
tydic.io/dcloud-dhcp-controller/pkg/util/network.go:75.3,76.17 2 0
tydic.io/dcloud-dhcp-controller/pkg/util/network.go:76.17,78.4 1 0
tydic.io/dcloud-dhcp-controller/pkg/util/network.go:79.3,79.30 1 0
tydic.io/dcloud-dhcp-controller/pkg/util/network.go:79.30,80.36 1 0
tydic.io/dcloud-dhcp-controller/pkg/util/network.go:80.36,82.5 1 0
tydic.io/dcloud-dhcp-controller/pkg/util/network.go:85.2,89.16 5 0
tydic.io/dcloud-dhcp-controller/pkg/util/network.go:89.16,92.3 1 0
tydic.io/dcloud-dhcp-controller/pkg/util/network.go:92.8,94.3 1 0
tydic.io/dcloud-dhcp-controller/pkg/util/network.go:95.2,98.75 3 0
tydic.io/dcloud-dhcp-controller/pkg/util/network.go:98.75,99.18 1 0
tydic.io/dcloud-dhcp-controller/pkg/util/network.go:99.18,100.12 1 0
tydic.io/dcloud-dhcp-controller/pkg/util/network.go:102.3,102.20 1 0
tydic.io/dcloud-dhcp-controller/pkg/util/network.go:102.20,104.4 1 0
tydic.io/dcloud-dhcp-controller/pkg/util/network.go:106.2,107.23 2 0
tydic.io/dcloud-dhcp-controller/pkg/util/network.go:114.61,118.16 3 0
tydic.io/dcloud-dhcp-controller/pkg/util/network.go:118.16,120.3 1 0
tydic.io/dcloud-dhcp-controller/pkg/util/network.go:121.2,123.21 3 0
tydic.io/dcloud-dhcp-controller/pkg/util/network.go:123.21,125.3 1 0
tydic.io/dcloud-dhcp-controller/pkg/util/network.go:126.2,129.34 3 0
tydic.io/dcloud-dhcp-controller/pkg/util/network.go:129.34,131.3 1 0
tydic.io/dcloud-dhcp-controller/pkg/util/network.go:132.2,134.75 3 0
tydic.io/dcloud-dhcp-controller/pkg/util/network.go:134.75,135.18 1 0
tydic.io/dcloud-dhcp-controller/pkg/util/network.go:135.18,136.12 1 0
tydic.io/dcloud-dhcp-controller/pkg/util/network.go:138.3,138.20 1 0
tydic.io/dcloud-dhcp-controller/pkg/util/network.go:138.20,140.12 2 0
tydic.io/dcloud-dhcp-controller/pkg/util/network.go:143.3,144.17 2 0
tydic.io/dcloud-dhcp-controller/pkg/util/network.go:144.17,146.4 1 0
tydic.io/dcloud-dhcp-controller/pkg/util/network.go:147.3,147.30 1 0
tydic.io/dcloud-dhcp-controller/pkg/util/network.go:147.30,148.37 1 0
tydic.io/dcloud-dhcp-controller/pkg/util/network.go:148.37,150.5 1 0
tydic.io/dcloud-dhcp-controller/pkg/util/network.go:154.2,155.75 2 0
tydic.io/dcloud-dhcp-controller/pkg/util/network.go:155.75,156.18 1 0
tydic.io/dcloud-dhcp-controller/pkg/util/network.go:156.18,157.12 1 0
tydic.io/dcloud-dhcp-controller/pkg/util/network.go:159.3,159.20 1 0
tydic.io/dcloud-dhcp-controller/pkg/util/network.go:159.20,161.4 1 0
tydic.io/dcloud-dhcp-controller/pkg/util/network.go:163.2,164.23 2 0
tydic.io/dcloud-dhcp-controller/pkg/util/network.go:167.33,170.2 2 0
tydic.io/dcloud-dhcp-controller/pkg/util/network.go:172.33,175.2 2 1
tydic.io/dcloud-dhcp-controller/pkg/util/network.go:177.62,178.32 1 0
tydic.io/dcloud-dhcp-controller/pkg/util/network.go:178.32,179.17 1 0
tydic.io/dcloud-dhcp-controller/pkg/util/network.go:179.17,181.4 1 0
tydic.io/dcloud-dhcp-controller/pkg/util/network.go:183.2,183.12 1 0
tydic.io/dcloud-dhcp-controller/pkg/util/network.go:186.62,187.32 1 0
tydic.io/dcloud-dhcp-controller/pkg/util/network.go:187.32,188.17 1 0
tydic.io/dcloud-dhcp-controller/pkg/util/network.go:188.17,190.4 1 0
tydic.io/dcloud-dhcp-controller/pkg/util/network.go:192.2,192.12 1 0
tydic.io/dcloud-dhcp-controller/pkg/util/network.go:196.57,204.31 5 1
tydic.io/dcloud-dhcp-controller/pkg/util/network.go:204.31,205.18 1 1
tydic.io/dcloud-dhcp-controller/pkg/util/network.go:205.18,207.4 1 1
tydic.io/dcloud-dhcp-controller/pkg/util/network.go:207.9,207.25 1 1
tydic.io/dcloud-dhcp-controller/pkg/util/network.go:207.25,209.4 1 1
tydic.io/dcloud-dhcp-controller/pkg/util/network.go:211.3,211.32 1 1
tydic.io/dcloud-dhcp-controller/pkg/util/network.go:211.32,212.13 1 1
tydic.io/dcloud-dhcp-controller/pkg/util/network.go:212.13,216.5 3 1
tydic.io/dcloud-dhcp-controller/pkg/util/network.go:217.9,217.39 1 1
tydic.io/dcloud-dhcp-controller/pkg/util/network.go:217.39,218.15 1 1
tydic.io/dcloud-dhcp-controller/pkg/util/network.go:218.15,224.5 5 1
tydic.io/dcloud-dhcp-controller/pkg/util/network.go:225.9,226.24 1 1
tydic.io/dcloud-dhcp-controller/pkg/util/network.go:226.24,227.14 1 1
tydic.io/dcloud-dhcp-controller/pkg/util/network.go:227.14,229.6 1 1
tydic.io/dcloud-dhcp-controller/pkg/util/network.go:229.11,229.23 1 1
tydic.io/dcloud-dhcp-controller/pkg/util/network.go:229.23,231.6 1 1
tydic.io/dcloud-dhcp-controller/pkg/util/network.go:232.10,232.26 1 1
tydic.io/dcloud-dhcp-controller/pkg/util/network.go:232.26,235.5 2 1
tydic.io/dcloud-dhcp-controller/pkg/util/network.go:240.2,240.13 1 1
tydic.io/dcloud-dhcp-controller/pkg/util/network.go:240.13,243.3 2 1
tydic.io/dcloud-dhcp-controller/pkg/util/network.go:246.2,246.32 1 1
tydic.io/dcloud-dhcp-controller/pkg/util/network.go:246.32,247.61 1 1
tydic.io/dcloud-dhcp-controller/pkg/util/network.go:247.61,249.4 1 1
tydic.io/dcloud-dhcp-controller/pkg/util/network.go:250.3,251.21 2 1
tydic.io/dcloud-dhcp-controller/pkg/util/network.go:254.2,254.20 1 1
tydic.io/dcloud-dhcp-controller/pkg/util/patch.go:13.104,26.16 6 0
tydic.io/dcloud-dhcp-controller/pkg/util/patch.go:26.16,28.3 1 0
tydic.io/dcloud-dhcp-controller/pkg/util/patch.go:29.2,31.12 2 0
tydic.io/dcloud-dhcp-controller/pkg/util/patch.go:34.114,47.16 6 0
tydic.io/dcloud-dhcp-controller/pkg/util/patch.go:47.16,49.3 1 0
tydic.io/dcloud-dhcp-controller/pkg/util/patch.go:50.2,52.12 2 0
tydic.io/dcloud-dhcp-controller/pkg/util/vm.go:10.59,12.62 2 0
tydic.io/dcloud-dhcp-controller/pkg/util/vm.go:12.62,14.3 1 0
tydic.io/dcloud-dhcp-controller/pkg/util/vm.go:15.2,15.53 1 0
